2025-08-25 14:19:51,898 - INFO - === Начало работы транспортного оптимизатора ===
2025-08-25 14:19:51,899 - INFO - Загрузка входных данных...
2025-08-25 14:19:51,924 - WARNING - Неделя 1: Производство 1401.0 != Спрос 17.0 (разница 1384.0). Модель может быть неосуществима!
2025-08-25 14:19:51,924 - WARNING - Неделя 2: Производство 21114.0 != Спрос 5105.0 (разница 16009.0). Модель может быть неосуществима!
2025-08-25 14:19:51,924 - WARNING - Неделя 3: Производство 23204.0 != Спрос 22411.0 (разница 793.0). Модель может быть неосуществима!
2025-08-25 14:19:51,924 - WARNING - Неделя 4: Производство 23819.0 != Спрос 23923.0 (разница -104.0). Модель может быть неосуществима!
2025-08-25 14:19:51,925 - WARNING - Неделя 5: Производство 26111.0 != Спрос 22857.0 (разница 3254.0). Модель может быть неосуществима!
2025-08-25 14:19:51,925 - WARNING - Неделя 6: Производство 23911.0 != Спрос 24145.0 (разница -234.0). Модель может быть неосуществима!
2025-08-25 14:19:51,925 - WARNING - Неделя 7: Производство 23097.0 != Спрос 21780.0 (разница 1317.0). Модель может быть неосуществима!
2025-08-25 14:19:51,925 - WARNING - Неделя 8: Производство 27595.0 != Спрос 25502.0 (разница 2093.0). Модель может быть неосуществима!
2025-08-25 14:19:51,925 - WARNING - Неделя 9: Производство 25934.0 != Спрос 22417.0 (разница 3517.0). Модель может быть неосуществима!
2025-08-25 14:19:51,925 - WARNING - Неделя 10: Производство 24141.0 != Спрос 23338.0 (разница 803.0). Модель может быть неосуществима!
2025-08-25 14:19:51,925 - WARNING - Неделя 11: Производство 25429.0 != Спрос 22051.0 (разница 3378.0). Модель может быть неосуществима!
2025-08-25 14:19:51,925 - WARNING - Неделя 12: Производство 26447.0 != Спрос 25123.0 (разница 1324.0). Модель может быть неосуществима!
2025-08-25 14:19:51,925 - WARNING - Неделя 13: Производство 29083.0 != Спрос 30036.0 (разница -953.0). Модель может быть неосуществима!
2025-08-25 14:19:51,925 - WARNING - Неделя 14: Производство 22989.0 != Спрос 27246.0 (разница -4257.0). Модель может быть неосуществима!
2025-08-25 14:19:51,925 - WARNING - Неделя 15: Производство 25537.0 != Спрос 25300.0 (разница 237.0). Модель может быть неосуществима!
2025-08-25 14:19:51,925 - WARNING - Неделя 16: Производство 26806.0 != Спрос 26513.0 (разница 293.0). Модель может быть неосуществима!
2025-08-25 14:19:51,925 - WARNING - Неделя 17: Производство 28744.0 != Спрос 32009.0 (разница -3265.0). Модель может быть неосуществима!
2025-08-25 14:19:51,926 - WARNING - Неделя 18: Производство 28769.0 != Спрос 25929.0 (разница 2840.0). Модель может быть неосуществима!
2025-08-25 14:19:51,926 - WARNING - Неделя 19: Производство 24477.0 != Спрос 29811.0 (разница -5334.0). Модель может быть неосуществима!
2025-08-25 14:19:51,926 - WARNING - Неделя 20: Производство 27206.0 != Спрос 28713.0 (разница -1507.0). Модель может быть неосуществима!
2025-08-25 14:19:51,926 - WARNING - Неделя 21: Производство 29758.0 != Спрос 30151.0 (разница -393.0). Модель может быть неосуществима!
2025-08-25 14:19:51,926 - WARNING - Неделя 22: Производство 30059.0 != Спрос 33141.0 (разница -3082.0). Модель может быть неосуществима!
2025-08-25 14:19:51,926 - WARNING - Неделя 23: Производство 27319.0 != Спрос 28597.0 (разница -1278.0). Модель может быть неосуществима!
2025-08-25 14:19:51,926 - WARNING - Неделя 24: Производство 27499.0 != Спрос 31037.0 (разница -3538.0). Модель может быть неосуществима!
2025-08-25 14:19:51,926 - WARNING - Неделя 25: Производство 27849.0 != Спрос 32334.0 (разница -4485.0). Модель может быть неосуществима!
2025-08-25 14:19:51,926 - WARNING - Неделя 26: Производство 31627.0 != Спрос 31542.0 (разница 85.0). Модель может быть неосуществима!
2025-08-25 14:19:51,926 - WARNING - Неделя 27: Производство 26923.0 != Спрос 33296.0 (разница -6373.0). Модель может быть неосуществима!
2025-08-25 14:19:51,926 - WARNING - Неделя 28: Производство 27850.0 != Спрос 34143.0 (разница -6293.0). Модель может быть неосуществима!
2025-08-25 14:19:51,926 - WARNING - Неделя 29: Производство 27947.0 != Спрос 31041.0 (разница -3094.0). Модель может быть неосуществима!
2025-08-25 14:19:51,926 - WARNING - Неделя 30: Производство 27173.0 != Спрос 30227.0 (разница -3054.0). Модель может быть неосуществима!
2025-08-25 14:19:51,926 - WARNING - Неделя 31: Производство 28076.0 != Спрос 28643.0 (разница -567.0). Модель может быть неосуществима!
2025-08-25 14:19:51,927 - WARNING - Неделя 32: Производство 28007.0 != Спрос 29686.0 (разница -1679.0). Модель может быть неосуществима!
2025-08-25 14:19:51,927 - WARNING - Неделя 33: Производство 29197.0 != Спрос 30709.0 (разница -1512.0). Модель может быть неосуществима!
2025-08-25 14:19:51,927 - WARNING - Неделя 34: Производство 29372.0 != Спрос 28605.0 (разница 767.0). Модель может быть неосуществима!
2025-08-25 14:19:51,927 - WARNING - Неделя 35: Производство 30758.0 != Спрос 28525.0 (разница 2233.0). Модель может быть неосуществима!
2025-08-25 14:19:51,927 - WARNING - Неделя 36: Производство 26083.0 != Спрос 26094.0 (разница -11.0). Модель может быть неосуществима!
2025-08-25 14:19:51,927 - WARNING - Неделя 37: Производство 30956.0 != Спрос 30662.0 (разница 294.0). Модель может быть неосуществима!
2025-08-25 14:19:51,927 - WARNING - Неделя 38: Производство 30934.0 != Спрос 29580.0 (разница 1354.0). Модель может быть неосуществима!
2025-08-25 14:19:51,927 - WARNING - Неделя 39: Производство 28206.0 != Спрос 31636.0 (разница -3430.0). Модель может быть неосуществима!
2025-08-25 14:19:51,927 - WARNING - Неделя 40: Производство 30030.0 != Спрос 27079.0 (разница 2951.0). Модель может быть неосуществима!
2025-08-25 14:19:51,927 - WARNING - Неделя 41: Производство 25939.0 != Спрос 27872.0 (разница -1933.0). Модель может быть неосуществима!
2025-08-25 14:19:51,928 - WARNING - Неделя 42: Производство 34507.0 != Спрос 30576.0 (разница 3931.0). Модель может быть неосуществима!
2025-08-25 14:19:51,928 - WARNING - Неделя 43: Производство 27787.0 != Спрос 32770.0 (разница -4983.0). Модель может быть неосуществима!
2025-08-25 14:19:51,928 - WARNING - Неделя 44: Производство 30016.0 != Спрос 29647.0 (разница 369.0). Модель может быть неосуществима!
2025-08-25 14:19:51,928 - WARNING - Неделя 45: Производство 27711.0 != Спрос 27570.0 (разница 141.0). Модель может быть неосуществима!
2025-08-25 14:19:51,928 - WARNING - Неделя 46: Производство 32830.0 != Спрос 26904.0 (разница 5926.0). Модель может быть неосуществима!
2025-08-25 14:19:51,928 - WARNING - Неделя 47: Производство 29528.0 != Спрос 24880.0 (разница 4648.0). Модель может быть неосуществима!
2025-08-25 14:19:51,928 - WARNING - Неделя 48: Производство 31141.0 != Спрос 25555.0 (разница 5586.0). Модель может быть неосуществима!
2025-08-25 14:19:51,928 - WARNING - Неделя 49: Производство 29477.0 != Спрос 27165.0 (разница 2312.0). Модель может быть неосуществима!
2025-08-25 14:19:51,928 - WARNING - Неделя 50: Производство 32881.0 != Спрос 25188.0 (разница 7693.0). Модель может быть неосуществима!
2025-08-25 14:19:51,928 - WARNING - Неделя 51: Производство 29680.0 != Спрос 25931.0 (разница 3749.0). Модель может быть неосуществима!
2025-08-25 14:19:51,928 - WARNING - Неделя 52: Производство 31872.0 != Спрос 21951.0 (разница 9921.0). Модель может быть неосуществима!
2025-08-25 14:19:51,928 - WARNING - Неделя 53: Производство 7898.0 != Спрос 578.0 (разница 7320.0). Модель может быть неосуществима!
2025-08-25 14:19:51,942 - INFO - Создание переменных...
2025-08-25 14:19:52,030 - INFO - Формирование целевой функции...
2025-08-25 14:19:52,047 - INFO - Добавление ограничений...
2025-08-25 14:19:52,158 - INFO - Решение модели...
2025-08-25 14:19:52,339 - INFO - Статус решения: INFEASIBLE
2025-08-25 14:19:52,339 - INFO - Время решения: 0.18 сек
2025-08-25 14:19:52,339 - ERROR - Ошибка: Модель неосуществима! Возможные причины: производство != спросу, недостаток ёмкости складов или невозможные транспортные связи. Проверьте данные с помощью check_balance и check_capacity.
Traceback (most recent call last):
  File "C:\Users\Professional\PycharmProjects\transportation\ORTools2.py", line 323, in main
    save_results(solver, status, solve_time, data, x, u, v, None)
  File "C:\Users\Professional\PycharmProjects\transportation\ORTools2.py", line 234, in save_results
    raise Exception(f"Модель неосуществима! Возможные причины: производство != спросу, недостаток ёмкости складов или невозможные транспортные связи. Проверьте данные с помощью check_balance и check_capacity.")
Exception: Модель неосуществима! Возможные причины: производство != спросу, недостаток ёмкости складов или невозможные транспортные связи. Проверьте данные с помощью check_balance и check_capacity.
