2025-08-25 15:40:03,558 - INFO - === Начало работы транспортного оптимизатора ===
2025-08-25 15:40:03,558 - INFO - Загрузка входных данных...
2025-08-25 15:40:03,623 - INFO - Создание переменных...
2025-08-25 15:40:03,728 - INFO - Формирование целевой функции...
2025-08-25 15:40:03,832 - INFO - Добавление ограничений...
2025-08-25 15:40:03,903 - INFO - Решение модели...
2025-08-25 15:40:04,360 - INFO - Статус решения: OPTIMAL
2025-08-25 15:40:04,360 - INFO - Время решения: 0.42 сек
2025-08-25 15:40:04,378 - INFO - Сохранен план перевозок (648 записей)
2025-08-25 15:40:04,381 - WARNING - Общий неудовлетворенный спрос: 77854.00
2025-08-25 15:40:04,383 - ERROR - Общий неразмещенный объем: 113017.00
2025-08-25 15:40:04,413 - INFO - Транспортные затраты: 154281358.00
2025-08-25 15:40:04,413 - INFO - Штраф за неудовлетворенный спрос: 189816110.00
2025-08-25 15:40:04,413 - INFO - Штраф за неразмещенную продукцию: 289323520000.00
2025-08-25 15:40:04,414 - INFO - Общие затраты: 289667617468.00
2025-08-25 15:40:04,414 - INFO - 
=== Сводная статистика ===
2025-08-25 15:40:04,414 - INFO - Всего произведено: 1432704.00
2025-08-25 15:40:04,414 - INFO - Всего размещено: 1319687.00
2025-08-25 15:40:04,414 - INFO - Процент удовлетворенного спроса: 94.43%
2025-08-25 15:40:04,414 - INFO - Процент размещенной продукции: 92.11%
2025-08-25 15:40:04,414 - INFO - Оптимизация завершена успешно!
