2025-08-27 21:08:23,875 - INFO - === Начало работы транспортного оптимизатора ===
2025-08-27 21:08:23,876 - INFO - Загрузка входных данных...
2025-08-27 21:08:23,904 - INFO - Неделя 1: Производство 1401.0 <= Вместимость 1000000154446.0
2025-08-27 21:08:23,904 - INFO - Неделя 2: Производство 21114.0 <= Вместимость 1000000154446.0
2025-08-27 21:08:23,904 - INFO - Неделя 3: Производство 23204.0 <= Вместимость 1000000154446.0
2025-08-27 21:08:23,904 - INFO - Неделя 4: Производство 23819.0 <= Вместимость 1000000154446.0
2025-08-27 21:08:23,905 - INFO - Неделя 5: Производство 26111.0 <= Вместимость 1000000154446.0
2025-08-27 21:08:23,905 - INFO - Неделя 6: Производство 23911.0 <= Вместимость 1000000154446.0
2025-08-27 21:08:23,905 - INFO - Неделя 7: Производство 23097.0 <= Вместимость 1000000154446.0
2025-08-27 21:08:23,905 - INFO - Неделя 8: Производство 27595.0 <= Вместимость 1000000154446.0
2025-08-27 21:08:23,905 - INFO - Неделя 9: Производство 25934.0 <= Вместимость 1000000154446.0
2025-08-27 21:08:23,905 - INFO - Неделя 10: Производство 24141.0 <= Вместимость 1000000154446.0
2025-08-27 21:08:23,905 - INFO - Неделя 11: Производство 25429.0 <= Вместимость 1000000154446.0
2025-08-27 21:08:23,905 - INFO - Неделя 12: Производство 26447.0 <= Вместимость 1000000154446.0
2025-08-27 21:08:23,905 - INFO - Неделя 13: Производство 29083.0 <= Вместимость 1000000154446.0
2025-08-27 21:08:23,905 - INFO - Неделя 14: Производство 22989.0 <= Вместимость 1000000154446.0
2025-08-27 21:08:23,905 - INFO - Неделя 15: Производство 25537.0 <= Вместимость 1000000154446.0
2025-08-27 21:08:23,906 - INFO - Неделя 16: Производство 26806.0 <= Вместимость 1000000154446.0
2025-08-27 21:08:23,906 - INFO - Неделя 17: Производство 28744.0 <= Вместимость 1000000154446.0
2025-08-27 21:08:23,906 - INFO - Неделя 18: Производство 28769.0 <= Вместимость 1000000154446.0
2025-08-27 21:08:23,906 - INFO - Неделя 19: Производство 24477.0 <= Вместимость 1000000154446.0
2025-08-27 21:08:23,906 - INFO - Неделя 20: Производство 27206.0 <= Вместимость 1000000154446.0
2025-08-27 21:08:23,906 - INFO - Неделя 21: Производство 29758.0 <= Вместимость 1000000154446.0
2025-08-27 21:08:23,906 - INFO - Неделя 22: Производство 30059.0 <= Вместимость 1000000154446.0
2025-08-27 21:08:23,906 - INFO - Неделя 23: Производство 27319.0 <= Вместимость 1000000154446.0
2025-08-27 21:08:23,906 - INFO - Неделя 24: Производство 27499.0 <= Вместимость 1000000154446.0
2025-08-27 21:08:23,906 - INFO - Неделя 25: Производство 27849.0 <= Вместимость 1000000154446.0
2025-08-27 21:08:23,906 - INFO - Неделя 26: Производство 31627.0 <= Вместимость 1000000154446.0
2025-08-27 21:08:23,906 - INFO - Неделя 27: Производство 26923.0 <= Вместимость 1000000154446.0
2025-08-27 21:08:23,906 - INFO - Неделя 28: Производство 27850.0 <= Вместимость 1000000154446.0
2025-08-27 21:08:23,906 - INFO - Неделя 29: Производство 27947.0 <= Вместимость 1000000154446.0
2025-08-27 21:08:23,906 - INFO - Неделя 30: Производство 27173.0 <= Вместимость 1000000154446.0
2025-08-27 21:08:23,907 - INFO - Неделя 31: Производство 28076.0 <= Вместимость 1000000154446.0
2025-08-27 21:08:23,907 - INFO - Неделя 32: Производство 28007.0 <= Вместимость 1000000154446.0
2025-08-27 21:08:23,907 - INFO - Неделя 33: Производство 29197.0 <= Вместимость 1000000154446.0
2025-08-27 21:08:23,909 - INFO - Неделя 34: Производство 29372.0 <= Вместимость 1000000154446.0
2025-08-27 21:08:23,909 - INFO - Неделя 35: Производство 30758.0 <= Вместимость 1000000154446.0
2025-08-27 21:08:23,910 - INFO - Неделя 36: Производство 26083.0 <= Вместимость 1000000154446.0
2025-08-27 21:08:23,910 - INFO - Неделя 37: Производство 30956.0 <= Вместимость 1000000154446.0
2025-08-27 21:08:23,910 - INFO - Неделя 38: Производство 30934.0 <= Вместимость 1000000154446.0
2025-08-27 21:08:23,910 - INFO - Неделя 39: Производство 28206.0 <= Вместимость 1000000154446.0
2025-08-27 21:08:23,910 - INFO - Неделя 40: Производство 30030.0 <= Вместимость 1000000154446.0
2025-08-27 21:08:23,910 - INFO - Неделя 41: Производство 25939.0 <= Вместимость 1000000154446.0
2025-08-27 21:08:23,910 - INFO - Неделя 42: Производство 34507.0 <= Вместимость 1000000154446.0
2025-08-27 21:08:23,910 - INFO - Неделя 43: Производство 27787.0 <= Вместимость 1000000154446.0
2025-08-27 21:08:23,910 - INFO - Неделя 44: Производство 30016.0 <= Вместимость 1000000154446.0
2025-08-27 21:08:23,910 - INFO - Неделя 45: Производство 27711.0 <= Вместимость 1000000154446.0
2025-08-27 21:08:23,911 - INFO - Неделя 46: Производство 32830.0 <= Вместимость 1000000154446.0
2025-08-27 21:08:23,911 - INFO - Неделя 47: Производство 29528.0 <= Вместимость 1000000154446.0
2025-08-27 21:08:23,911 - INFO - Неделя 48: Производство 31141.0 <= Вместимость 1000000154446.0
2025-08-27 21:08:23,911 - INFO - Неделя 49: Производство 29477.0 <= Вместимость 1000000154446.0
2025-08-27 21:08:23,911 - INFO - Неделя 50: Производство 32881.0 <= Вместимость 1000000154446.0
2025-08-27 21:08:23,911 - INFO - Неделя 51: Производство 29680.0 <= Вместимость 1000000154446.0
2025-08-27 21:08:23,911 - INFO - Неделя 52: Производство 31872.0 <= Вместимость 1000000154446.0
2025-08-27 21:08:23,911 - INFO - Неделя 53: Производство 7898.0 <= Вместимость 1000000154446.0
2025-08-27 21:08:23,912 - INFO - Неделя 1: Производство 1401.0 > Общий спрос 17.0 (избыток 1384.0)
2025-08-27 21:08:23,912 - INFO - Неделя 2: Производство 21114.0 > Общий спрос 5105.0 (избыток 16009.0)
2025-08-27 21:08:23,912 - INFO - Неделя 3: Производство 23204.0 > Общий спрос 22411.0 (избыток 793.0)
2025-08-27 21:08:23,913 - WARNING - Неделя 4: Производство 23819.0 < Общий спрос 23923.0 (дефицит 104.0)
2025-08-27 21:08:23,913 - INFO - Неделя 5: Производство 26111.0 > Общий спрос 22857.0 (избыток 3254.0)
2025-08-27 21:08:23,913 - WARNING - Неделя 6: Производство 23911.0 < Общий спрос 24145.0 (дефицит 234.0)
2025-08-27 21:08:23,913 - INFO - Неделя 7: Производство 23097.0 > Общий спрос 21780.0 (избыток 1317.0)
2025-08-27 21:08:23,913 - INFO - Неделя 8: Производство 27595.0 > Общий спрос 25502.0 (избыток 2093.0)
2025-08-27 21:08:23,913 - INFO - Неделя 9: Производство 25934.0 > Общий спрос 22417.0 (избыток 3517.0)
2025-08-27 21:08:23,913 - INFO - Неделя 10: Производство 24141.0 > Общий спрос 23338.0 (избыток 803.0)
2025-08-27 21:08:23,913 - INFO - Неделя 11: Производство 25429.0 > Общий спрос 22051.0 (избыток 3378.0)
2025-08-27 21:08:23,913 - INFO - Неделя 12: Производство 26447.0 > Общий спрос 25123.0 (избыток 1324.0)
2025-08-27 21:08:23,913 - WARNING - Неделя 13: Производство 29083.0 < Общий спрос 30036.0 (дефицит 953.0)
2025-08-27 21:08:23,913 - WARNING - Неделя 14: Производство 22989.0 < Общий спрос 27246.0 (дефицит 4257.0)
2025-08-27 21:08:23,913 - INFO - Неделя 15: Производство 25537.0 > Общий спрос 25300.0 (избыток 237.0)
2025-08-27 21:08:23,913 - INFO - Неделя 16: Производство 26806.0 > Общий спрос 26513.0 (избыток 293.0)
2025-08-27 21:08:23,913 - WARNING - Неделя 17: Производство 28744.0 < Общий спрос 32009.0 (дефицит 3265.0)
2025-08-27 21:08:23,914 - INFO - Неделя 18: Производство 28769.0 > Общий спрос 25929.0 (избыток 2840.0)
2025-08-27 21:08:23,914 - WARNING - Неделя 19: Производство 24477.0 < Общий спрос 29811.0 (дефицит 5334.0)
2025-08-27 21:08:23,914 - WARNING - Неделя 20: Производство 27206.0 < Общий спрос 28713.0 (дефицит 1507.0)
2025-08-27 21:08:23,914 - WARNING - Неделя 21: Производство 29758.0 < Общий спрос 30151.0 (дефицит 393.0)
2025-08-27 21:08:23,914 - WARNING - Неделя 22: Производство 30059.0 < Общий спрос 33141.0 (дефицит 3082.0)
2025-08-27 21:08:23,914 - WARNING - Неделя 23: Производство 27319.0 < Общий спрос 28597.0 (дефицит 1278.0)
2025-08-27 21:08:23,914 - WARNING - Неделя 24: Производство 27499.0 < Общий спрос 31037.0 (дефицит 3538.0)
2025-08-27 21:08:23,914 - WARNING - Неделя 25: Производство 27849.0 < Общий спрос 32334.0 (дефицит 4485.0)
2025-08-27 21:08:23,914 - INFO - Неделя 26: Производство 31627.0 > Общий спрос 31542.0 (избыток 85.0)
2025-08-27 21:08:23,914 - WARNING - Неделя 27: Производство 26923.0 < Общий спрос 33296.0 (дефицит 6373.0)
2025-08-27 21:08:23,914 - WARNING - Неделя 28: Производство 27850.0 < Общий спрос 34143.0 (дефицит 6293.0)
2025-08-27 21:08:23,915 - WARNING - Неделя 29: Производство 27947.0 < Общий спрос 31041.0 (дефицит 3094.0)
2025-08-27 21:08:23,915 - WARNING - Неделя 30: Производство 27173.0 < Общий спрос 30227.0 (дефицит 3054.0)
2025-08-27 21:08:23,915 - WARNING - Неделя 31: Производство 28076.0 < Общий спрос 28643.0 (дефицит 567.0)
2025-08-27 21:08:23,915 - WARNING - Неделя 32: Производство 28007.0 < Общий спрос 29686.0 (дефицит 1679.0)
2025-08-27 21:08:23,915 - WARNING - Неделя 33: Производство 29197.0 < Общий спрос 30709.0 (дефицит 1512.0)
2025-08-27 21:08:23,915 - INFO - Неделя 34: Производство 29372.0 > Общий спрос 28605.0 (избыток 767.0)
2025-08-27 21:08:23,915 - INFO - Неделя 35: Производство 30758.0 > Общий спрос 28525.0 (избыток 2233.0)
2025-08-27 21:08:23,915 - WARNING - Неделя 36: Производство 26083.0 < Общий спрос 26094.0 (дефицит 11.0)
2025-08-27 21:08:23,915 - INFO - Неделя 37: Производство 30956.0 > Общий спрос 30662.0 (избыток 294.0)
2025-08-27 21:08:23,915 - INFO - Неделя 38: Производство 30934.0 > Общий спрос 29580.0 (избыток 1354.0)
2025-08-27 21:08:23,915 - WARNING - Неделя 39: Производство 28206.0 < Общий спрос 31636.0 (дефицит 3430.0)
2025-08-27 21:08:23,915 - INFO - Неделя 40: Производство 30030.0 > Общий спрос 27079.0 (избыток 2951.0)
2025-08-27 21:08:23,915 - WARNING - Неделя 41: Производство 25939.0 < Общий спрос 27872.0 (дефицит 1933.0)
2025-08-27 21:08:23,915 - INFO - Неделя 42: Производство 34507.0 > Общий спрос 30576.0 (избыток 3931.0)
2025-08-27 21:08:23,916 - WARNING - Неделя 43: Производство 27787.0 < Общий спрос 32770.0 (дефицит 4983.0)
2025-08-27 21:08:23,916 - INFO - Неделя 44: Производство 30016.0 > Общий спрос 29647.0 (избыток 369.0)
2025-08-27 21:08:23,916 - INFO - Неделя 45: Производство 27711.0 > Общий спрос 27570.0 (избыток 141.0)
2025-08-27 21:08:23,916 - INFO - Неделя 46: Производство 32830.0 > Общий спрос 26904.0 (избыток 5926.0)
2025-08-27 21:08:23,916 - INFO - Неделя 47: Производство 29528.0 > Общий спрос 24880.0 (избыток 4648.0)
2025-08-27 21:08:23,916 - INFO - Неделя 48: Производство 31141.0 > Общий спрос 25555.0 (избыток 5586.0)
2025-08-27 21:08:23,916 - INFO - Неделя 49: Производство 29477.0 > Общий спрос 27165.0 (избыток 2312.0)
2025-08-27 21:08:23,916 - INFO - Неделя 50: Производство 32881.0 > Общий спрос 25188.0 (избыток 7693.0)
2025-08-27 21:08:23,916 - INFO - Неделя 51: Производство 29680.0 > Общий спрос 25931.0 (избыток 3749.0)
2025-08-27 21:08:23,916 - INFO - Неделя 52: Производство 31872.0 > Общий спрос 21951.0 (избыток 9921.0)
2025-08-27 21:08:23,916 - INFO - Неделя 53: Производство 7898.0 > Общий спрос 578.0 (избыток 7320.0)
2025-08-27 21:08:23,924 - INFO - Добавлен фиктивный склад DUMMY для обработки излишков
2025-08-27 21:08:23,929 - INFO - Создание переменных...
2025-08-27 21:08:24,055 - INFO - Формирование целевой функции...
2025-08-27 21:08:24,117 - INFO - Добавление ограничений...
2025-08-27 21:08:24,275 - INFO - Решение модели...
2025-08-27 21:08:25,195 - INFO - Статус решения: OPTIMAL
2025-08-27 21:08:25,195 - INFO - Время решения: 0.88 сек
2025-08-27 21:08:25,210 - INFO - Сохранен план перевозок (393 записей)
2025-08-27 21:08:25,215 - INFO - Сохранен план запасов (528 записей)
2025-08-27 21:08:25,217 - WARNING - Общий неудовлетворенный спрос: 61359.00
2025-08-27 21:08:25,217 - INFO - Вся продукция успешно распределена по складам
2025-08-27 21:08:25,234 - INFO - Транспортные затраты: 31841871.40
2025-08-27 21:08:25,234 - INFO - Штраф за неудовлетворенный спрос: 123945180.00
2025-08-27 21:08:25,234 - INFO - Общие затраты: 155787051.40
2025-08-27 21:08:25,234 - INFO - 
=== Сводная статистика ===
2025-08-27 21:08:25,234 - INFO - Всего произведено: 1432704.00
2025-08-27 21:08:25,234 - INFO - Всего размещено: 1432704.00
2025-08-27 21:08:25,234 - INFO - Процент удовлетворенного спроса: 95.61%
2025-08-27 21:08:25,234 - INFO - Процент размещенной продукции: 100.00%
2025-08-27 21:08:25,530 - ERROR - Ошибка при создании графиков загруженности складов: operands could not be broadcast together with shapes (53,) (4,) 
2025-08-27 21:08:25,530 - INFO - Оптимизация завершена успешно!
