2025-08-25 14:20:09,288 - INFO - === Начало работы транспортного оптимизатора ===
2025-08-25 14:20:09,288 - INFO - Загрузка входных данных...
2025-08-25 14:20:09,327 - INFO - Создание переменных...
2025-08-25 14:20:09,399 - INFO - Формирование целевой функции...
2025-08-25 14:20:09,477 - INFO - Добавление ограничений...
2025-08-25 14:20:09,548 - INFO - Решение модели...
2025-08-25 14:20:10,254 - INFO - Статус решения: OPTIMAL
2025-08-25 14:20:10,254 - INFO - Время решения: 0.67 сек
2025-08-25 14:20:10,269 - INFO - Сохранен план перевозок (648 записей)
2025-08-25 14:20:10,271 - WARNING - Общий неудовлетворенный спрос: 77854.00
2025-08-25 14:20:10,274 - ERROR - Общий неразмещенный объем: 113017.00
2025-08-25 14:20:10,300 - INFO - Транспортные затраты: 154281358.00
2025-08-25 14:20:10,300 - INFO - Штраф за неудовлетворенный спрос: 189816110.00
2025-08-25 14:20:10,300 - INFO - Штраф за неразмещенную продукцию: 289323520000.00
2025-08-25 14:20:10,300 - INFO - Общие затраты: 289667617468.00
2025-08-25 14:20:10,300 - INFO - 
=== Сводная статистика ===
2025-08-25 14:20:10,300 - INFO - Всего произведено: 1432704.00
2025-08-25 14:20:10,300 - INFO - Всего размещено: 1319687.00
2025-08-25 14:20:10,300 - INFO - Процент удовлетворенного спроса: 94.43%
2025-08-25 14:20:10,301 - INFO - Процент размещенной продукции: 92.11%
2025-08-25 14:20:10,301 - INFO - Оптимизация завершена успешно!
