2025-08-27 18:47:01,981 - INFO - === Начало работы транспортного оптимизатора ===
2025-08-27 18:47:01,982 - INFO - Загрузка входных данных...
2025-08-27 18:47:02,126 - WARNING - Неделя 1: Производство 1401.0 > Общий спрос 17.0 (избыток 1384.0)
2025-08-27 18:47:02,126 - WARNING - Неделя 2: Производство 21114.0 > Общий спрос 5105.0 (избыток 16009.0)
2025-08-27 18:47:02,127 - WARNING - Неделя 3: Производство 23204.0 > Общий спрос 22411.0 (избыток 793.0)
2025-08-27 18:47:02,127 - WARNING - Неделя 4: Производство 23819.0 < Общий спрос 23923.0 (дефицит 104.0)
2025-08-27 18:47:02,127 - WARNING - Неделя 5: Производство 26111.0 > Общий спрос 22857.0 (избыток 3254.0)
2025-08-27 18:47:02,127 - WARNING - Неделя 6: Производство 23911.0 < Общий спрос 24145.0 (дефицит 234.0)
2025-08-27 18:47:02,127 - WARNING - Неделя 7: Производство 23097.0 > Общий спрос 21780.0 (избыток 1317.0)
2025-08-27 18:47:02,127 - WARNING - Неделя 8: Производство 27595.0 > Общий спрос 25502.0 (избыток 2093.0)
2025-08-27 18:47:02,127 - WARNING - Неделя 9: Производство 25934.0 > Общий спрос 22417.0 (избыток 3517.0)
2025-08-27 18:47:02,127 - WARNING - Неделя 10: Производство 24141.0 > Общий спрос 23338.0 (избыток 803.0)
2025-08-27 18:47:02,127 - WARNING - Неделя 11: Производство 25429.0 > Общий спрос 22051.0 (избыток 3378.0)
2025-08-27 18:47:02,127 - WARNING - Неделя 12: Производство 26447.0 > Общий спрос 25123.0 (избыток 1324.0)
2025-08-27 18:47:02,127 - WARNING - Неделя 13: Производство 29083.0 < Общий спрос 30036.0 (дефицит 953.0)
2025-08-27 18:47:02,127 - WARNING - Неделя 14: Производство 22989.0 < Общий спрос 27246.0 (дефицит 4257.0)
2025-08-27 18:47:02,128 - WARNING - Неделя 15: Производство 25537.0 > Общий спрос 25300.0 (избыток 237.0)
2025-08-27 18:47:02,128 - WARNING - Неделя 16: Производство 26806.0 > Общий спрос 26513.0 (избыток 293.0)
2025-08-27 18:47:02,128 - WARNING - Неделя 17: Производство 28744.0 < Общий спрос 32009.0 (дефицит 3265.0)
2025-08-27 18:47:02,128 - WARNING - Неделя 18: Производство 28769.0 > Общий спрос 25929.0 (избыток 2840.0)
2025-08-27 18:47:02,128 - WARNING - Неделя 19: Производство 24477.0 < Общий спрос 29811.0 (дефицит 5334.0)
2025-08-27 18:47:02,128 - WARNING - Неделя 20: Производство 27206.0 < Общий спрос 28713.0 (дефицит 1507.0)
2025-08-27 18:47:02,128 - WARNING - Неделя 21: Производство 29758.0 < Общий спрос 30151.0 (дефицит 393.0)
2025-08-27 18:47:02,128 - WARNING - Неделя 22: Производство 30059.0 < Общий спрос 33141.0 (дефицит 3082.0)
2025-08-27 18:47:02,128 - WARNING - Неделя 23: Производство 27319.0 < Общий спрос 28597.0 (дефицит 1278.0)
2025-08-27 18:47:02,128 - WARNING - Неделя 24: Производство 27499.0 < Общий спрос 31037.0 (дефицит 3538.0)
2025-08-27 18:47:02,128 - WARNING - Неделя 25: Производство 27849.0 < Общий спрос 32334.0 (дефицит 4485.0)
2025-08-27 18:47:02,128 - WARNING - Неделя 26: Производство 31627.0 > Общий спрос 31542.0 (избыток 85.0)
2025-08-27 18:47:02,128 - WARNING - Неделя 27: Производство 26923.0 < Общий спрос 33296.0 (дефицит 6373.0)
2025-08-27 18:47:02,128 - WARNING - Неделя 28: Производство 27850.0 < Общий спрос 34143.0 (дефицит 6293.0)
2025-08-27 18:47:02,129 - WARNING - Неделя 29: Производство 27947.0 < Общий спрос 31041.0 (дефицит 3094.0)
2025-08-27 18:47:02,130 - WARNING - Неделя 30: Производство 27173.0 < Общий спрос 30227.0 (дефицит 3054.0)
2025-08-27 18:47:02,130 - WARNING - Неделя 31: Производство 28076.0 < Общий спрос 28643.0 (дефицит 567.0)
2025-08-27 18:47:02,131 - WARNING - Неделя 32: Производство 28007.0 < Общий спрос 29686.0 (дефицит 1679.0)
2025-08-27 18:47:02,131 - WARNING - Неделя 33: Производство 29197.0 < Общий спрос 30709.0 (дефицит 1512.0)
2025-08-27 18:47:02,131 - WARNING - Неделя 34: Производство 29372.0 > Общий спрос 28605.0 (избыток 767.0)
2025-08-27 18:47:02,131 - WARNING - Неделя 35: Производство 30758.0 > Общий спрос 28525.0 (избыток 2233.0)
2025-08-27 18:47:02,131 - WARNING - Неделя 36: Производство 26083.0 < Общий спрос 26094.0 (дефицит 11.0)
2025-08-27 18:47:02,131 - WARNING - Неделя 37: Производство 30956.0 > Общий спрос 30662.0 (избыток 294.0)
2025-08-27 18:47:02,131 - WARNING - Неделя 38: Производство 30934.0 > Общий спрос 29580.0 (избыток 1354.0)
2025-08-27 18:47:02,131 - WARNING - Неделя 39: Производство 28206.0 < Общий спрос 31636.0 (дефицит 3430.0)
2025-08-27 18:47:02,132 - WARNING - Неделя 40: Производство 30030.0 > Общий спрос 27079.0 (избыток 2951.0)
2025-08-27 18:47:02,132 - WARNING - Неделя 41: Производство 25939.0 < Общий спрос 27872.0 (дефицит 1933.0)
2025-08-27 18:47:02,132 - WARNING - Неделя 42: Производство 34507.0 > Общий спрос 30576.0 (избыток 3931.0)
2025-08-27 18:47:02,132 - WARNING - Неделя 43: Производство 27787.0 < Общий спрос 32770.0 (дефицит 4983.0)
2025-08-27 18:47:02,132 - WARNING - Неделя 44: Производство 30016.0 > Общий спрос 29647.0 (избыток 369.0)
2025-08-27 18:47:02,132 - WARNING - Неделя 45: Производство 27711.0 > Общий спрос 27570.0 (избыток 141.0)
2025-08-27 18:47:02,132 - WARNING - Неделя 46: Производство 32830.0 > Общий спрос 26904.0 (избыток 5926.0)
2025-08-27 18:47:02,132 - WARNING - Неделя 47: Производство 29528.0 > Общий спрос 24880.0 (избыток 4648.0)
2025-08-27 18:47:02,132 - WARNING - Неделя 48: Производство 31141.0 > Общий спрос 25555.0 (избыток 5586.0)
2025-08-27 18:47:02,132 - WARNING - Неделя 49: Производство 29477.0 > Общий спрос 27165.0 (избыток 2312.0)
2025-08-27 18:47:02,132 - WARNING - Неделя 50: Производство 32881.0 > Общий спрос 25188.0 (избыток 7693.0)
2025-08-27 18:47:02,133 - WARNING - Неделя 51: Производство 29680.0 > Общий спрос 25931.0 (избыток 3749.0)
2025-08-27 18:47:02,133 - WARNING - Неделя 52: Производство 31872.0 > Общий спрос 21951.0 (избыток 9921.0)
2025-08-27 18:47:02,133 - WARNING - Неделя 53: Производство 7898.0 > Общий спрос 578.0 (избыток 7320.0)
2025-08-27 18:47:02,146 - INFO - Добавлен фиктивный склад DUMMY для обработки неразмещённой продукции
2025-08-27 18:47:02,227 - INFO - Создание переменных...
2025-08-27 18:47:02,334 - INFO - Формирование целевой функции...
2025-08-27 18:47:02,424 - INFO - Добавление ограничений...
2025-08-27 18:47:02,522 - INFO - Общий спрос: 1397541.0
2025-08-27 18:47:02,523 - INFO - Общее производство 1432704.0
2025-08-27 18:47:02,523 - INFO - Решение модели...
2025-08-27 18:47:03,253 - INFO - Статус решения: OPTIMAL
2025-08-27 18:47:03,253 - INFO - Время решения: 0.67 сек
2025-08-27 18:47:03,269 - INFO - Сохранен план перевозок (403 записей)
2025-08-27 18:47:03,272 - WARNING - Общий неудовлетворенный спрос: 61359.00
2025-08-27 18:47:03,274 - ERROR - Общий неразмещенный объем: 96522.00
2025-08-27 18:47:03,290 - INFO - Транспортные затраты: 36215469.00
2025-08-27 18:47:03,291 - INFO - Штраф за неудовлетворенный спрос: 123945180.00
2025-08-27 18:47:03,291 - INFO - Штраф за неразмещенную продукцию: 247096320000.00
2025-08-27 18:47:03,291 - INFO - Общие затраты: 247256480649.00
2025-08-27 18:47:03,291 - INFO - 
=== Сводная статистика ===
2025-08-27 18:47:03,291 - INFO - Всего произведено: 1432704.00
2025-08-27 18:47:03,291 - INFO - Всего размещено: 1336182.00
2025-08-27 18:47:03,291 - INFO - Остатки на фабриках: 96522.00
2025-08-27 18:47:03,291 - INFO - Процент удовлетворенного спроса: 95.61%
2025-08-27 18:47:03,291 - INFO - Процент размещенной продукции: 93.26%
2025-08-27 18:47:03,317 - INFO - График спроса, удовлетворенного спроса и производства: недели=['W1', 'W2', 'W3', 'W4', 'W5', 'W6', 'W7', 'W8', 'W9', 'W10', 'W11', 'W12', 'W13', 'W14', 'W15', 'W16', 'W17', 'W18', 'W19', 'W20', 'W21', 'W22', 'W23', 'W24', 'W25', 'W26', 'W27', 'W28', 'W29', 'W30', 'W31', 'W32', 'W33', 'W34', 'W35', 'W36', 'W37', 'W38', 'W39', 'W40', 'W41', 'W42', 'W43', 'W44', 'W45', 'W46', 'W47', 'W48', 'W49', 'W50', 'W51', 'W52', 'W53'], len(недели)=53, total_demand_data=[17.0, 5105.0, 22411.0, 23923.0, 22857.0, 24145.0, 21780.0, 25502.0, 22417.0, 23338.0, 22051.0, 25123.0, 30036.0, 27246.0, 25300.0, 26513.0, 32009.0, 25929.0, 29811.0, 28713.0, 30151.0, 33141.0, 28597.0, 31037.0, 32334.0, 31542.0, 33296.0, 34143.0, 31041.0, 30227.0, 28643.0, 29686.0, 30709.0, 28605.0, 28525.0, 26094.0, 30662.0, 29580.0, 31636.0, 27079.0, 27872.0, 30576.0, 32770.0, 29647.0, 27570.0, 26904.0, 24880.0, 25555.0, 27165.0, 25188.0, 25931.0, 21951.0, 578.0], len(total_demand_data)=53, total_load_data=[17.0, 5105.0, 22411.0, 23819.0, 22857.0, 23911.0, 21780.0, 25502.0, 22417.0, 23338.0, 22051.0, 25123.0, 29083.0, 22989.0, 25300.0, 26513.0, 28744.0, 25929.0, 24477.0, 27206.0, 29758.0, 30059.0, 27319.0, 27499.0, 27849.0, 31542.0, 26923.0, 27850.0, 27947.0, 27173.0, 28076.0, 28007.0, 29197.0, 28605.0, 28525.0, 26083.0, 30662.0, 29580.0, 28206.0, 27079.0, 25939.0, 30576.0, 27787.0, 29647.0, 27570.0, 26904.0, 24880.0, 25555.0, 27165.0, 25188.0, 25931.0, 21951.0, 578.0], len(total_load_data)=53, total_production_data=[1401.0, 21114.0, 23204.0, 23819.0, 26111.0, 23911.0, 23097.0, 27595.0, 25934.0, 24141.0, 25429.0, 26447.0, 29083.0, 22989.0, 25537.0, 26806.0, 28744.0, 28769.0, 24477.0, 27206.0, 29758.0, 30059.0, 27319.0, 27499.0, 27849.0, 31627.0, 26923.0, 27850.0, 27947.0, 27173.0, 28076.0, 28007.0, 29197.0, 29372.0, 30758.0, 26083.0, 30956.0, 30934.0, 28206.0, 30030.0, 25939.0, 34507.0, 27787.0, 30016.0, 27711.0, 32830.0, 29528.0, 31141.0, 29477.0, 32881.0, 29680.0, 31872.0, 7898.0], len(total_production_data)=53
2025-08-27 18:47:04,110 - INFO - Сохранён график спроса, удовлетворенного спроса и производства: plots/total_demand_satisfied_production.png
2025-08-27 18:47:04,122 - INFO - Оптимизация завершена успешно!
