2025-08-25 14:12:11,103 - INFO - === Начало работы транспортного оптимизатора ===
2025-08-25 14:12:11,104 - INFO - Загрузка входных данных...
2025-08-25 14:12:11,194 - INFO - Создание переменных...
2025-08-25 14:12:11,326 - INFO - Формирование целевой функции...
2025-08-25 14:12:11,419 - INFO - Добавление ограничений...
2025-08-25 14:12:11,497 - INFO - Решение модели...
2025-08-25 14:12:11,995 - INFO - Статус решения: OPTIMAL
2025-08-25 14:12:11,995 - INFO - Время решения: 0.45 сек
2025-08-25 14:12:12,015 - INFO - Сохранен план перевозок (648 записей)
2025-08-25 14:12:12,018 - WARNING - Общий неудовлетворенный спрос: 77854.00
2025-08-25 14:12:12,022 - ERROR - Общий неразмещенный объем: 113017.00
2025-08-25 14:12:12,050 - INFO - Транспортные затраты: 154281358.00
2025-08-25 14:12:12,050 - INFO - Штраф за неудовлетворенный спрос: 189816110.00
2025-08-25 14:12:12,050 - INFO - Штраф за неразмещенную продукцию: 289323520000.00
2025-08-25 14:12:12,050 - INFO - Общие затраты: 289667617468.00
2025-08-25 14:12:12,050 - INFO - 
=== Сводная статистика ===
2025-08-25 14:12:12,050 - INFO - Всего произведено: 1432704.00
2025-08-25 14:12:12,050 - INFO - Всего размещено: 1319687.00
2025-08-25 14:12:12,051 - INFO - Процент удовлетворенного спроса: 94.43%
2025-08-25 14:12:12,051 - INFO - Процент размещенной продукции: 92.11%
2025-08-25 14:12:12,051 - INFO - Оптимизация завершена успешно!
