2025-08-25 15:47:41,154 - INFO - === Начало работы транспортного оптимизатора ===
2025-08-25 15:47:41,155 - INFO - Загрузка входных данных...
2025-08-25 15:47:41,196 - WARNING - Неделя 1: Производство 1401.0 > Спрос 17.0 (избыток 1384.0)
2025-08-25 15:47:41,196 - WARNING - Неделя 2: Производство 21114.0 > Спрос 5105.0 (избыток 16009.0)
2025-08-25 15:47:41,197 - WARNING - Неделя 3: Производство 23204.0 > Спрос 22411.0 (избыток 793.0)
2025-08-25 15:47:41,197 - WARNING - Неделя 4: Производство 23819.0 < Спрос 23923.0 (дефицит 104.0)
2025-08-25 15:47:41,197 - WARNING - Неделя 5: Производство 26111.0 > Спрос 22857.0 (избыток 3254.0)
2025-08-25 15:47:41,197 - WARNING - Неделя 6: Производство 23911.0 < Спрос 24145.0 (дефицит 234.0)
2025-08-25 15:47:41,197 - WARNING - Неделя 7: Производство 23097.0 > Спрос 21780.0 (избыток 1317.0)
2025-08-25 15:47:41,197 - WARNING - Неделя 8: Производство 27595.0 > Спрос 25502.0 (избыток 2093.0)
2025-08-25 15:47:41,198 - WARNING - Неделя 9: Производство 25934.0 > Спрос 22417.0 (избыток 3517.0)
2025-08-25 15:47:41,198 - WARNING - Неделя 10: Производство 24141.0 > Спрос 23338.0 (избыток 803.0)
2025-08-25 15:47:41,198 - WARNING - Неделя 11: Производство 25429.0 > Спрос 22051.0 (избыток 3378.0)
2025-08-25 15:47:41,198 - WARNING - Неделя 12: Производство 26447.0 > Спрос 25123.0 (избыток 1324.0)
2025-08-25 15:47:41,198 - WARNING - Неделя 13: Производство 29083.0 < Спрос 30036.0 (дефицит 953.0)
2025-08-25 15:47:41,198 - WARNING - Неделя 14: Производство 22989.0 < Спрос 27246.0 (дефицит 4257.0)
2025-08-25 15:47:41,198 - WARNING - Неделя 15: Производство 25537.0 > Спрос 25300.0 (избыток 237.0)
2025-08-25 15:47:41,198 - WARNING - Неделя 16: Производство 26806.0 > Спрос 26513.0 (избыток 293.0)
2025-08-25 15:47:41,198 - WARNING - Неделя 17: Производство 28744.0 < Спрос 32009.0 (дефицит 3265.0)
2025-08-25 15:47:41,198 - WARNING - Неделя 18: Производство 28769.0 > Спрос 25929.0 (избыток 2840.0)
2025-08-25 15:47:41,198 - WARNING - Неделя 19: Производство 24477.0 < Спрос 29811.0 (дефицит 5334.0)
2025-08-25 15:47:41,199 - WARNING - Неделя 20: Производство 27206.0 < Спрос 28713.0 (дефицит 1507.0)
2025-08-25 15:47:41,199 - WARNING - Неделя 21: Производство 29758.0 < Спрос 30151.0 (дефицит 393.0)
2025-08-25 15:47:41,199 - WARNING - Неделя 22: Производство 30059.0 < Спрос 33141.0 (дефицит 3082.0)
2025-08-25 15:47:41,199 - WARNING - Неделя 23: Производство 27319.0 < Спрос 28597.0 (дефицит 1278.0)
2025-08-25 15:47:41,199 - WARNING - Неделя 24: Производство 27499.0 < Спрос 31037.0 (дефицит 3538.0)
2025-08-25 15:47:41,199 - WARNING - Неделя 25: Производство 27849.0 < Спрос 32334.0 (дефицит 4485.0)
2025-08-25 15:47:41,199 - WARNING - Неделя 26: Производство 31627.0 > Спрос 31542.0 (избыток 85.0)
2025-08-25 15:47:41,200 - WARNING - Неделя 27: Производство 26923.0 < Спрос 33296.0 (дефицит 6373.0)
2025-08-25 15:47:41,200 - WARNING - Неделя 28: Производство 27850.0 < Спрос 34143.0 (дефицит 6293.0)
2025-08-25 15:47:41,200 - WARNING - Неделя 29: Производство 27947.0 < Спрос 31041.0 (дефицит 3094.0)
2025-08-25 15:47:41,200 - WARNING - Неделя 30: Производство 27173.0 < Спрос 30227.0 (дефицит 3054.0)
2025-08-25 15:47:41,200 - WARNING - Неделя 31: Производство 28076.0 < Спрос 28643.0 (дефицит 567.0)
2025-08-25 15:47:41,200 - WARNING - Неделя 32: Производство 28007.0 < Спрос 29686.0 (дефицит 1679.0)
2025-08-25 15:47:41,201 - WARNING - Неделя 33: Производство 29197.0 < Спрос 30709.0 (дефицит 1512.0)
2025-08-25 15:47:41,201 - WARNING - Неделя 34: Производство 29372.0 > Спрос 28605.0 (избыток 767.0)
2025-08-25 15:47:41,201 - WARNING - Неделя 35: Производство 30758.0 > Спрос 28525.0 (избыток 2233.0)
2025-08-25 15:47:41,201 - WARNING - Неделя 36: Производство 26083.0 < Спрос 26094.0 (дефицит 11.0)
2025-08-25 15:47:41,201 - WARNING - Неделя 37: Производство 30956.0 > Спрос 30662.0 (избыток 294.0)
2025-08-25 15:47:41,201 - WARNING - Неделя 38: Производство 30934.0 > Спрос 29580.0 (избыток 1354.0)
2025-08-25 15:47:41,201 - WARNING - Неделя 39: Производство 28206.0 < Спрос 31636.0 (дефицит 3430.0)
2025-08-25 15:47:41,201 - WARNING - Неделя 40: Производство 30030.0 > Спрос 27079.0 (избыток 2951.0)
2025-08-25 15:47:41,201 - WARNING - Неделя 41: Производство 25939.0 < Спрос 27872.0 (дефицит 1933.0)
2025-08-25 15:47:41,202 - WARNING - Неделя 42: Производство 34507.0 > Спрос 30576.0 (избыток 3931.0)
2025-08-25 15:47:41,202 - WARNING - Неделя 43: Производство 27787.0 < Спрос 32770.0 (дефицит 4983.0)
2025-08-25 15:47:41,202 - WARNING - Неделя 44: Производство 30016.0 > Спрос 29647.0 (избыток 369.0)
2025-08-25 15:47:41,202 - WARNING - Неделя 45: Производство 27711.0 > Спрос 27570.0 (избыток 141.0)
2025-08-25 15:47:41,202 - WARNING - Неделя 46: Производство 32830.0 > Спрос 26904.0 (избыток 5926.0)
2025-08-25 15:47:41,202 - WARNING - Неделя 47: Производство 29528.0 > Спрос 24880.0 (избыток 4648.0)
2025-08-25 15:47:41,202 - WARNING - Неделя 48: Производство 31141.0 > Спрос 25555.0 (избыток 5586.0)
2025-08-25 15:47:41,202 - WARNING - Неделя 49: Производство 29477.0 > Спрос 27165.0 (избыток 2312.0)
2025-08-25 15:47:41,202 - WARNING - Неделя 50: Производство 32881.0 > Спрос 25188.0 (избыток 7693.0)
2025-08-25 15:47:41,202 - WARNING - Неделя 51: Производство 29680.0 > Спрос 25931.0 (избыток 3749.0)
2025-08-25 15:47:41,203 - WARNING - Неделя 52: Производство 31872.0 > Спрос 21951.0 (избыток 9921.0)
2025-08-25 15:47:41,203 - WARNING - Неделя 53: Производство 7898.0 > Спрос 578.0 (избыток 7320.0)
2025-08-25 15:47:41,223 - INFO - Создание переменных...
2025-08-25 15:47:41,302 - INFO - Формирование целевой функции...
2025-08-25 15:47:41,320 - INFO - Добавление ограничений...
2025-08-25 15:47:41,430 - INFO - Решение модели...
2025-08-25 15:47:41,633 - INFO - Статус решения: OPTIMAL
2025-08-25 15:47:41,633 - INFO - Время решения: 0.20 сек
2025-08-25 15:47:41,651 - INFO - Сохранен план перевозок (0 записей)
2025-08-25 15:47:41,671 - INFO - Транспортные затраты: 0.00
2025-08-25 15:47:41,671 - INFO - Штраф за неудовлетворенный спрос: 0.00
2025-08-25 15:47:41,671 - INFO - Штраф за неразмещенную продукцию: 0.00
2025-08-25 15:47:41,671 - INFO - Общие затраты: 0.00
2025-08-25 15:47:41,672 - ERROR - Ошибка: 'week'
Traceback (most recent call last):
  File "C:\Users\Professional\PycharmProjects\transportation\ORTools2.py", line 362, in main
    save_results(solver, status, solve_time, data, x, u, v, penalty_unplaced)
  File "C:\Users\Professional\PycharmProjects\transportation\ORTools2.py", line 317, in save_results
    weekly_transport = pd.DataFrame(transport_plan).groupby('week')['amount'].sum().reindex([f"W{w}" for w in data['weeks']], fill_value=0)
  File "C:\Users\Professional\AppData\Local\Programs\Python\Python310\lib\site-packages\pandas\core\frame.py", line 9190, in groupby
    return DataFrameGroupBy(
  File "C:\Users\Professional\AppData\Local\Programs\Python\Python310\lib\site-packages\pandas\core\groupby\groupby.py", line 1330, in __init__
    grouper, exclusions, obj = get_grouper(
  File "C:\Users\Professional\AppData\Local\Programs\Python\Python310\lib\site-packages\pandas\core\groupby\grouper.py", line 1043, in get_grouper
    raise KeyError(gpr)
KeyError: 'week'
