2025-08-25 14:12:04,695 - INFO - === Начало работы транспортного оптимизатора ===
2025-08-25 14:12:04,695 - INFO - Загрузка входных данных...
2025-08-25 14:12:04,740 - INFO - Создание переменных...
2025-08-25 14:12:04,806 - INFO - Формирование целевой функции...
2025-08-25 14:12:04,917 - INFO - Добавление ограничений...
2025-08-25 14:12:05,041 - INFO - Решение модели...
2025-08-25 14:12:05,527 - INFO - Статус решения: OPTIMAL
2025-08-25 14:12:05,528 - INFO - Время решения: 0.45 сек
2025-08-25 14:12:05,542 - INFO - Сохранен план перевозок (648 записей)
2025-08-25 14:12:05,544 - WARNING - Общий неудовлетворенный спрос: 77854.00
2025-08-25 14:12:05,554 - ERROR - Общий неразмещенный объем: 113017.00
2025-08-25 14:12:05,572 - INFO - Транспортные затраты: 154281358.00
2025-08-25 14:12:05,573 - INFO - Штраф за неудовлетворенный спрос: 189816110.00
2025-08-25 14:12:05,573 - INFO - Штраф за неразмещенную продукцию: 289323520000.00
2025-08-25 14:12:05,573 - INFO - Общие затраты: 289667617468.00
2025-08-25 14:12:05,573 - INFO - 
=== Сводная статистика ===
2025-08-25 14:12:05,573 - INFO - Всего произведено: 1432704.00
2025-08-25 14:12:05,573 - INFO - Всего размещено: 1319687.00
2025-08-25 14:12:05,573 - INFO - Процент удовлетворенного спроса: 94.43%
2025-08-25 14:12:05,573 - INFO - Процент размещенной продукции: 92.11%
2025-08-25 14:12:05,573 - INFO - Оптимизация завершена успешно!
