2025-08-25 15:48:36,040 - INFO - === Начало работы транспортного оптимизатора ===
2025-08-25 15:48:36,041 - INFO - Загрузка входных данных...
2025-08-25 15:48:36,081 - INFO - Создание переменных...
2025-08-25 15:48:36,160 - INFO - Формирование целевой функции...
2025-08-25 15:48:36,259 - INFO - Добавление ограничений...
2025-08-25 15:48:36,331 - INFO - Решение модели...
2025-08-25 15:48:36,824 - INFO - Статус решения: OPTIMAL
2025-08-25 15:48:36,824 - INFO - Время решения: 0.44 сек
2025-08-25 15:48:36,849 - INFO - Сохранен план перевозок (648 записей)
2025-08-25 15:48:36,851 - WARNING - Общий неудовлетворенный спрос: 77854.00
2025-08-25 15:48:36,854 - ERROR - Общий неразмещенный объем: 113017.00
2025-08-25 15:48:36,872 - INFO - Транспортные затраты: 154281358.00
2025-08-25 15:48:36,872 - INFO - Штраф за неудовлетворенный спрос: 189816110.00
2025-08-25 15:48:36,872 - INFO - Штраф за неразмещенную продукцию: 289323520000.00
2025-08-25 15:48:36,873 - INFO - Общие затраты: 289667617468.00
2025-08-25 15:48:36,873 - INFO - 
=== Сводная статистика ===
2025-08-25 15:48:36,873 - INFO - Всего произведено: 1432704.00
2025-08-25 15:48:36,873 - INFO - Всего размещено: 1319687.00
2025-08-25 15:48:36,873 - INFO - Процент удовлетворенного спроса: 94.43%
2025-08-25 15:48:36,873 - INFO - Процент размещенной продукции: 92.11%
2025-08-25 15:48:36,873 - INFO - Оптимизация завершена успешно!
