2025-08-25 14:24:13,611 - INFO - === Начало работы транспортного оптимизатора ===
2025-08-25 14:24:13,612 - INFO - Загрузка входных данных...
2025-08-25 14:24:13,661 - INFO - Создание переменных...
2025-08-25 14:24:13,760 - INFO - Формирование целевой функции...
2025-08-25 14:24:13,780 - INFO - Добавление ограничений...
2025-08-25 14:24:13,870 - INFO - Решение модели...
2025-08-25 14:24:14,050 - INFO - Статус решения: OPTIMAL
2025-08-25 14:24:14,050 - INFO - Время решения: 0.18 сек
2025-08-25 14:24:14,051 - INFO - Значение целевой функции: 0.00
2025-08-25 14:24:14,063 - INFO - Сохранен план перевозок (0 записей)
2025-08-25 14:24:14,081 - INFO - Транспортные затраты: 0.00
2025-08-25 14:24:14,089 - INFO - Штраф за неудовлетворенный спрос: 0.00
2025-08-25 14:24:14,089 - INFO - Штраф за неразмещенную продукцию: 0.00
2025-08-25 14:24:14,089 - INFO - Общие затраты: 0.00
2025-08-25 14:24:14,101 - INFO - 
=== Сводная статистика ===
2025-08-25 14:24:14,101 - INFO - Всего произведено: 1432704.00
2025-08-25 14:24:14,101 - INFO - Всего размещено: 0.00
2025-08-25 14:24:14,101 - INFO - Процент удовлетворенного спроса: 100%
2025-08-25 14:24:14,101 - INFO - Процент размещенной продукции: 100%
2025-08-25 14:24:14,101 - INFO - Оптимизация завершена успешно!
