2025-08-25 16:06:47,319 - INFO - === Начало работы транспортного оптимизатора ===
2025-08-25 16:06:47,320 - INFO - Загрузка входных данных...
2025-08-25 16:06:47,358 - INFO - Создание переменных...
2025-08-25 16:06:47,424 - INFO - Формирование целевой функции...
2025-08-25 16:06:47,512 - INFO - Добавление ограничений...
2025-08-25 16:06:47,600 - INFO - Решение модели...
2025-08-25 16:06:48,055 - INFO - Статус решения: OPTIMAL
2025-08-25 16:06:48,055 - INFO - Время решения: 0.42 сек
2025-08-25 16:06:48,069 - INFO - Сохранен план перевозок (648 записей)
2025-08-25 16:06:48,071 - WARNING - Общий неудовлетворенный спрос: 77854.00
2025-08-25 16:06:48,074 - ERROR - Общий неразмещенный объем: 113017.00
2025-08-25 16:06:48,092 - INFO - Транспортные затраты: 154281358.00
2025-08-25 16:06:48,092 - INFO - Штраф за неудовлетворенный спрос: 189816110.00
2025-08-25 16:06:48,092 - INFO - Штраф за неразмещенную продукцию: 289323520000.00
2025-08-25 16:06:48,092 - INFO - Общие затраты: 289667617468.00
2025-08-25 16:06:48,092 - INFO - 
=== Сводная статистика ===
2025-08-25 16:06:48,092 - INFO - Всего произведено: 1432704.00
2025-08-25 16:06:48,092 - INFO - Всего размещено: 1319687.00
2025-08-25 16:06:48,092 - INFO - Процент удовлетворенного спроса: 94.43%
2025-08-25 16:06:48,092 - INFO - Процент размещенной продукции: 92.11%
2025-08-25 16:06:48,093 - INFO - Оптимизация завершена успешно!
