2025-08-28 14:26:12,728 - INFO - === Начало работы транспортного оптимизатора ===
2025-08-28 14:26:12,729 - INFO - Загрузка входных данных...
2025-08-28 14:26:12,801 - INFO - Неделя 1: Производство 1401.0 <= Вместимость 1000000154446.0
2025-08-28 14:26:12,801 - INFO - Неделя 2: Производство 21114.0 <= Вместимость 1000000154446.0
2025-08-28 14:26:12,801 - INFO - Неделя 3: Производство 23204.0 <= Вместимость 1000000154446.0
2025-08-28 14:26:12,801 - INFO - Неделя 4: Производство 23819.0 <= Вместимость 1000000154446.0
2025-08-28 14:26:12,801 - INFO - Неделя 5: Производство 26111.0 <= Вместимость 1000000154446.0
2025-08-28 14:26:12,801 - INFO - Неделя 6: Производство 23911.0 <= Вместимость 1000000154446.0
2025-08-28 14:26:12,802 - INFO - Неделя 7: Производство 23097.0 <= Вместимость 1000000154446.0
2025-08-28 14:26:12,802 - INFO - Неделя 8: Производство 27595.0 <= Вместимость 1000000154446.0
2025-08-28 14:26:12,802 - INFO - Неделя 9: Производство 25934.0 <= Вместимость 1000000154446.0
2025-08-28 14:26:12,802 - INFO - Неделя 10: Производство 24141.0 <= Вместимость 1000000154446.0
2025-08-28 14:26:12,802 - INFO - Неделя 11: Производство 25429.0 <= Вместимость 1000000154446.0
2025-08-28 14:26:12,802 - INFO - Неделя 12: Производство 26447.0 <= Вместимость 1000000154446.0
2025-08-28 14:26:12,802 - INFO - Неделя 13: Производство 29083.0 <= Вместимость 1000000154446.0
2025-08-28 14:26:12,802 - INFO - Неделя 14: Производство 22989.0 <= Вместимость 1000000154446.0
2025-08-28 14:26:12,802 - INFO - Неделя 15: Производство 25537.0 <= Вместимость 1000000154446.0
2025-08-28 14:26:12,802 - INFO - Неделя 16: Производство 26806.0 <= Вместимость 1000000154446.0
2025-08-28 14:26:12,802 - INFO - Неделя 17: Производство 28744.0 <= Вместимость 1000000154446.0
2025-08-28 14:26:12,802 - INFO - Неделя 18: Производство 28769.0 <= Вместимость 1000000154446.0
2025-08-28 14:26:12,802 - INFO - Неделя 19: Производство 24477.0 <= Вместимость 1000000154446.0
2025-08-28 14:26:12,802 - INFO - Неделя 20: Производство 27206.0 <= Вместимость 1000000154446.0
2025-08-28 14:26:12,802 - INFO - Неделя 21: Производство 29758.0 <= Вместимость 1000000154446.0
2025-08-28 14:26:12,803 - INFO - Неделя 22: Производство 30059.0 <= Вместимость 1000000154446.0
2025-08-28 14:26:12,803 - INFO - Неделя 23: Производство 27319.0 <= Вместимость 1000000154446.0
2025-08-28 14:26:12,803 - INFO - Неделя 24: Производство 27499.0 <= Вместимость 1000000154446.0
2025-08-28 14:26:12,803 - INFO - Неделя 25: Производство 27849.0 <= Вместимость 1000000154446.0
2025-08-28 14:26:12,803 - INFO - Неделя 26: Производство 31627.0 <= Вместимость 1000000154446.0
2025-08-28 14:26:12,803 - INFO - Неделя 27: Производство 26923.0 <= Вместимость 1000000154446.0
2025-08-28 14:26:12,803 - INFO - Неделя 28: Производство 27850.0 <= Вместимость 1000000154446.0
2025-08-28 14:26:12,803 - INFO - Неделя 29: Производство 27947.0 <= Вместимость 1000000154446.0
2025-08-28 14:26:12,803 - INFO - Неделя 30: Производство 27173.0 <= Вместимость 1000000154446.0
2025-08-28 14:26:12,803 - INFO - Неделя 31: Производство 28076.0 <= Вместимость 1000000154446.0
2025-08-28 14:26:12,803 - INFO - Неделя 32: Производство 28007.0 <= Вместимость 1000000154446.0
2025-08-28 14:26:12,803 - INFO - Неделя 33: Производство 29197.0 <= Вместимость 1000000154446.0
2025-08-28 14:26:12,804 - INFO - Неделя 34: Производство 29372.0 <= Вместимость 1000000154446.0
2025-08-28 14:26:12,804 - INFO - Неделя 35: Производство 30758.0 <= Вместимость 1000000154446.0
2025-08-28 14:26:12,804 - INFO - Неделя 36: Производство 26083.0 <= Вместимость 1000000154446.0
2025-08-28 14:26:12,804 - INFO - Неделя 37: Производство 30956.0 <= Вместимость 1000000154446.0
2025-08-28 14:26:12,804 - INFO - Неделя 38: Производство 30934.0 <= Вместимость 1000000154446.0
2025-08-28 14:26:12,804 - INFO - Неделя 39: Производство 28206.0 <= Вместимость 1000000154446.0
2025-08-28 14:26:12,804 - INFO - Неделя 40: Производство 30030.0 <= Вместимость 1000000154446.0
2025-08-28 14:26:12,804 - INFO - Неделя 41: Производство 25939.0 <= Вместимость 1000000154446.0
2025-08-28 14:26:12,805 - INFO - Неделя 42: Производство 34507.0 <= Вместимость 1000000154446.0
2025-08-28 14:26:12,805 - INFO - Неделя 43: Производство 27787.0 <= Вместимость 1000000154446.0
2025-08-28 14:26:12,805 - INFO - Неделя 44: Производство 30016.0 <= Вместимость 1000000154446.0
2025-08-28 14:26:12,805 - INFO - Неделя 45: Производство 27711.0 <= Вместимость 1000000154446.0
2025-08-28 14:26:12,805 - INFO - Неделя 46: Производство 32830.0 <= Вместимость 1000000154446.0
2025-08-28 14:26:12,805 - INFO - Неделя 47: Производство 29528.0 <= Вместимость 1000000154446.0
2025-08-28 14:26:12,805 - INFO - Неделя 48: Производство 31141.0 <= Вместимость 1000000154446.0
2025-08-28 14:26:12,806 - INFO - Неделя 49: Производство 29477.0 <= Вместимость 1000000154446.0
2025-08-28 14:26:12,806 - INFO - Неделя 50: Производство 32881.0 <= Вместимость 1000000154446.0
2025-08-28 14:26:12,806 - INFO - Неделя 51: Производство 29680.0 <= Вместимость 1000000154446.0
2025-08-28 14:26:12,806 - INFO - Неделя 52: Производство 31872.0 <= Вместимость 1000000154446.0
2025-08-28 14:26:12,806 - INFO - Неделя 53: Производство 7898.0 <= Вместимость 1000000154446.0
2025-08-28 14:26:12,809 - INFO - Неделя 1: Производство 1401.0 > Общий спрос 17.0 (избыток 1384.0)
2025-08-28 14:26:12,809 - INFO - Неделя 2: Производство 21114.0 > Общий спрос 5105.0 (избыток 16009.0)
2025-08-28 14:26:12,809 - INFO - Неделя 3: Производство 23204.0 > Общий спрос 22411.0 (избыток 793.0)
2025-08-28 14:26:12,809 - WARNING - Неделя 4: Производство 23819.0 < Общий спрос 23923.0 (дефицит 104.0)
2025-08-28 14:26:12,810 - INFO - Неделя 5: Производство 26111.0 > Общий спрос 22857.0 (избыток 3254.0)
2025-08-28 14:26:12,810 - WARNING - Неделя 6: Производство 23911.0 < Общий спрос 24145.0 (дефицит 234.0)
2025-08-28 14:26:12,810 - INFO - Неделя 7: Производство 23097.0 > Общий спрос 21780.0 (избыток 1317.0)
2025-08-28 14:26:12,810 - INFO - Неделя 8: Производство 27595.0 > Общий спрос 25502.0 (избыток 2093.0)
2025-08-28 14:26:12,810 - INFO - Неделя 9: Производство 25934.0 > Общий спрос 22417.0 (избыток 3517.0)
2025-08-28 14:26:12,810 - INFO - Неделя 10: Производство 24141.0 > Общий спрос 23338.0 (избыток 803.0)
2025-08-28 14:26:12,810 - INFO - Неделя 11: Производство 25429.0 > Общий спрос 22051.0 (избыток 3378.0)
2025-08-28 14:26:12,810 - INFO - Неделя 12: Производство 26447.0 > Общий спрос 25123.0 (избыток 1324.0)
2025-08-28 14:26:12,811 - WARNING - Неделя 13: Производство 29083.0 < Общий спрос 30036.0 (дефицит 953.0)
2025-08-28 14:26:12,811 - WARNING - Неделя 14: Производство 22989.0 < Общий спрос 27246.0 (дефицит 4257.0)
2025-08-28 14:26:12,811 - INFO - Неделя 15: Производство 25537.0 > Общий спрос 25300.0 (избыток 237.0)
2025-08-28 14:26:12,811 - INFO - Неделя 16: Производство 26806.0 > Общий спрос 26513.0 (избыток 293.0)
2025-08-28 14:26:12,811 - WARNING - Неделя 17: Производство 28744.0 < Общий спрос 32009.0 (дефицит 3265.0)
2025-08-28 14:26:12,811 - INFO - Неделя 18: Производство 28769.0 > Общий спрос 25929.0 (избыток 2840.0)
2025-08-28 14:26:12,811 - WARNING - Неделя 19: Производство 24477.0 < Общий спрос 29811.0 (дефицит 5334.0)
2025-08-28 14:26:12,811 - WARNING - Неделя 20: Производство 27206.0 < Общий спрос 28713.0 (дефицит 1507.0)
2025-08-28 14:26:12,812 - WARNING - Неделя 21: Производство 29758.0 < Общий спрос 30151.0 (дефицит 393.0)
2025-08-28 14:26:12,812 - WARNING - Неделя 22: Производство 30059.0 < Общий спрос 33141.0 (дефицит 3082.0)
2025-08-28 14:26:12,812 - WARNING - Неделя 23: Производство 27319.0 < Общий спрос 28597.0 (дефицит 1278.0)
2025-08-28 14:26:12,812 - WARNING - Неделя 24: Производство 27499.0 < Общий спрос 31037.0 (дефицит 3538.0)
2025-08-28 14:26:12,812 - WARNING - Неделя 25: Производство 27849.0 < Общий спрос 32334.0 (дефицит 4485.0)
2025-08-28 14:26:12,812 - INFO - Неделя 26: Производство 31627.0 > Общий спрос 31542.0 (избыток 85.0)
2025-08-28 14:26:12,812 - WARNING - Неделя 27: Производство 26923.0 < Общий спрос 33296.0 (дефицит 6373.0)
2025-08-28 14:26:12,812 - WARNING - Неделя 28: Производство 27850.0 < Общий спрос 34143.0 (дефицит 6293.0)
2025-08-28 14:26:12,813 - WARNING - Неделя 29: Производство 27947.0 < Общий спрос 31041.0 (дефицит 3094.0)
2025-08-28 14:26:12,813 - WARNING - Неделя 30: Производство 27173.0 < Общий спрос 30227.0 (дефицит 3054.0)
2025-08-28 14:26:12,814 - WARNING - Неделя 31: Производство 28076.0 < Общий спрос 28643.0 (дефицит 567.0)
2025-08-28 14:26:12,814 - WARNING - Неделя 32: Производство 28007.0 < Общий спрос 29686.0 (дефицит 1679.0)
2025-08-28 14:26:12,814 - WARNING - Неделя 33: Производство 29197.0 < Общий спрос 30709.0 (дефицит 1512.0)
2025-08-28 14:26:12,814 - INFO - Неделя 34: Производство 29372.0 > Общий спрос 28605.0 (избыток 767.0)
2025-08-28 14:26:12,814 - INFO - Неделя 35: Производство 30758.0 > Общий спрос 28525.0 (избыток 2233.0)
2025-08-28 14:26:12,815 - WARNING - Неделя 36: Производство 26083.0 < Общий спрос 26094.0 (дефицит 11.0)
2025-08-28 14:26:12,815 - INFO - Неделя 37: Производство 30956.0 > Общий спрос 30662.0 (избыток 294.0)
2025-08-28 14:26:12,815 - INFO - Неделя 38: Производство 30934.0 > Общий спрос 29580.0 (избыток 1354.0)
2025-08-28 14:26:12,815 - WARNING - Неделя 39: Производство 28206.0 < Общий спрос 31636.0 (дефицит 3430.0)
2025-08-28 14:26:12,815 - INFO - Неделя 40: Производство 30030.0 > Общий спрос 27079.0 (избыток 2951.0)
2025-08-28 14:26:12,815 - WARNING - Неделя 41: Производство 25939.0 < Общий спрос 27872.0 (дефицит 1933.0)
2025-08-28 14:26:12,815 - INFO - Неделя 42: Производство 34507.0 > Общий спрос 30576.0 (избыток 3931.0)
2025-08-28 14:26:12,815 - WARNING - Неделя 43: Производство 27787.0 < Общий спрос 32770.0 (дефицит 4983.0)
2025-08-28 14:26:12,815 - INFO - Неделя 44: Производство 30016.0 > Общий спрос 29647.0 (избыток 369.0)
2025-08-28 14:26:12,816 - INFO - Неделя 45: Производство 27711.0 > Общий спрос 27570.0 (избыток 141.0)
2025-08-28 14:26:12,816 - INFO - Неделя 46: Производство 32830.0 > Общий спрос 26904.0 (избыток 5926.0)
2025-08-28 14:26:12,816 - INFO - Неделя 47: Производство 29528.0 > Общий спрос 24880.0 (избыток 4648.0)
2025-08-28 14:26:12,816 - INFO - Неделя 48: Производство 31141.0 > Общий спрос 25555.0 (избыток 5586.0)
2025-08-28 14:26:12,816 - INFO - Неделя 49: Производство 29477.0 > Общий спрос 27165.0 (избыток 2312.0)
2025-08-28 14:26:12,816 - INFO - Неделя 50: Производство 32881.0 > Общий спрос 25188.0 (избыток 7693.0)
2025-08-28 14:26:12,816 - INFO - Неделя 51: Производство 29680.0 > Общий спрос 25931.0 (избыток 3749.0)
2025-08-28 14:26:12,816 - INFO - Неделя 52: Производство 31872.0 > Общий спрос 21951.0 (избыток 9921.0)
2025-08-28 14:26:12,816 - INFO - Неделя 53: Производство 7898.0 > Общий спрос 578.0 (избыток 7320.0)
2025-08-28 14:26:12,828 - INFO - Добавлен фиктивный склад DUMMY для обработки излишков
2025-08-28 14:26:12,835 - INFO - Создание переменных...
2025-08-28 14:26:12,977 - INFO - Формирование целевой функции...
2025-08-28 14:26:13,062 - INFO - Добавление ограничений...
2025-08-28 14:26:13,176 - INFO - Решение модели...
2025-08-28 14:26:14,180 - INFO - Статус решения: OPTIMAL
2025-08-28 14:26:14,180 - INFO - Время решения: 0.96 сек
2025-08-28 14:26:14,203 - INFO - Сохранен план перевозок (438 записей)
2025-08-28 14:26:14,209 - INFO - Сохранен план запасов (561 записей)
2025-08-28 14:26:14,212 - WARNING - Общий неудовлетворенный спрос: 61359.00
2025-08-28 14:26:14,212 - INFO - Вся продукция успешно распределена по складам
2025-08-28 14:26:14,231 - INFO - Транспортные затраты: 45258209.55
2025-08-28 14:26:14,232 - INFO - Штраф за неудовлетворенный спрос: 123945180.00
2025-08-28 14:26:14,232 - INFO - Общие затраты: 169203389.55
2025-08-28 14:26:14,232 - INFO - 
=== Сводная статистика ===
2025-08-28 14:26:14,233 - INFO - Всего произведено: 1432704.00
2025-08-28 14:26:14,233 - INFO - Всего размещено: 1432704.00
2025-08-28 14:26:14,233 - INFO - Процент удовлетворенного спроса: 95.61%
2025-08-28 14:26:14,233 - INFO - Процент размещенной продукции: 100.00%
2025-08-28 14:26:14,766 - INFO - Warehouse: Склад1||Склад1_о, Capacity data length: 53
2025-08-28 14:26:14,781 - INFO - Warehouse Склад1||Склад1_о, Week 1 -> Initial Stock: 0.0
2025-08-28 14:26:14,781 - INFO - Warehouse Склад1||Склад1_о, Week 2 -> Initial Stock: 0.0
2025-08-28 14:26:14,782 - INFO - Warehouse Склад1||Склад1_о, Week 3 -> Initial Stock: 181.50943396226415
2025-08-28 14:26:14,782 - INFO - Warehouse Склад1||Склад1_о, Week 4 -> Initial Stock: 31.017289619054452
2025-08-28 14:26:14,782 - INFO - Warehouse Склад1||Склад1_о, Week 5 -> Initial Stock: 49.9709257283744
2025-08-28 14:26:14,782 - INFO - Warehouse Склад1||Склад1_о, Week 6 -> Initial Stock: 21.790414408715964
2025-08-28 14:26:14,782 - INFO - Warehouse Склад1||Склад1_о, Week 7 -> Initial Stock: 6.469306244972076
2025-08-28 14:26:14,782 - INFO - Warehouse Склад1||Склад1_о, Week 8 -> Initial Stock: 12.91987739732562
2025-08-28 14:26:14,782 - INFO - Warehouse Склад1||Склад1_о, Week 9 -> Initial Stock: 6.190908246538056
2025-08-28 14:26:14,782 - INFO - Warehouse Склад1||Склад1_о, Week 10 -> Initial Stock: 0.07866465370442256
2025-08-28 14:26:14,782 - INFO - Warehouse Склад1||Склад1_о, Week 11 -> Initial Stock: 0.0010269537037130884
2025-08-28 14:26:14,782 - INFO - Warehouse Склад1||Склад1_о, Week 12 -> Initial Stock: 6.591487186861927e-06
2025-08-28 14:26:14,782 - INFO - Warehouse Склад1||Склад1_о, Week 13 -> Initial Stock: 2.4929981795998216e-08
2025-08-28 14:26:14,782 - INFO - Warehouse Склад1||Склад1_о, Week 14 -> Initial Stock: 4.484489051208622
2025-08-28 14:26:14,782 - INFO - Warehouse Склад1||Склад1_о, Week 15 -> Initial Stock: 11.538600296561116
2025-08-28 14:26:14,782 - INFO - Warehouse Склад1||Склад1_о, Week 16 -> Initial Stock: 8.208813678377409
2025-08-28 14:26:14,782 - INFO - Warehouse Склад1||Склад1_о, Week 17 -> Initial Stock: 6.584973391101439
2025-08-28 14:26:14,783 - INFO - Warehouse Склад1||Склад1_о, Week 18 -> Initial Stock: 14.46067978712881
2025-08-28 14:26:14,783 - INFO - Warehouse Склад1||Склад1_о, Week 19 -> Initial Stock: 7.226884209600387
2025-08-28 14:26:14,783 - INFO - Warehouse Склад1||Склад1_о, Week 20 -> Initial Stock: 4.310772169857547
2025-08-28 14:26:14,783 - INFO - Warehouse Склад1||Склад1_о, Week 21 -> Initial Stock: 4.999473343083377
2025-08-28 14:26:14,783 - INFO - Warehouse Склад1||Склад1_о, Week 22 -> Initial Stock: 15.338979862851597
2025-08-28 14:26:14,783 - INFO - Warehouse Склад1||Склад1_о, Week 23 -> Initial Stock: 4.627827171962879
2025-08-28 14:26:14,783 - INFO - Warehouse Склад1||Склад1_о, Week 24 -> Initial Stock: 0.019250529001509482
2025-08-28 14:26:14,783 - INFO - Warehouse Склад1||Склад1_о, Week 25 -> Initial Stock: 0.00012046638924599174
2025-08-28 14:26:14,783 - INFO - Warehouse Склад1||Склад1_о, Week 26 -> Initial Stock: 7.417881111206388e-07
2025-08-28 14:26:14,783 - INFO - Warehouse Склад1||Склад1_о, Week 27 -> Initial Stock: 4.971770181773719e-09
2025-08-28 14:26:14,783 - INFO - Warehouse Склад1||Склад1_о, Week 28 -> Initial Stock: 4.76368159207072
2025-08-28 14:26:14,783 - INFO - Warehouse Склад1||Склад1_о, Week 29 -> Initial Stock: 11.790210160327911
2025-08-28 14:26:14,783 - INFO - Warehouse Склад1||Склад1_о, Week 30 -> Initial Stock: 14.286411479892818
2025-08-28 14:26:14,783 - INFO - Warehouse Склад1||Склад1_о, Week 31 -> Initial Stock: 112.2871924989845
2025-08-28 14:26:14,783 - INFO - Warehouse Склад1||Склад1_о, Week 32 -> Initial Stock: 35.124697936296805
2025-08-28 14:26:14,783 - INFO - Warehouse Склад1||Склад1_о, Week 33 -> Initial Stock: 30.927680957624737
2025-08-28 14:26:14,784 - INFO - Warehouse Склад1||Склад1_о, Week 34 -> Initial Stock: 68.97270957447438
2025-08-28 14:26:14,784 - INFO - Warehouse Склад1||Склад1_о, Week 35 -> Initial Stock: 68.97270957447438
2025-08-28 14:26:14,784 - INFO - Warehouse Склад1||Склад1_о, Week 36 -> Initial Stock: 68.97270957447438
2025-08-28 14:26:14,785 - INFO - Warehouse Склад1||Склад1_о, Week 37 -> Initial Stock: 68.97270957447438
2025-08-28 14:26:14,785 - INFO - Warehouse Склад1||Склад1_о, Week 38 -> Initial Stock: 68.97270957447438
2025-08-28 14:26:14,786 - INFO - Warehouse Склад1||Склад1_о, Week 39 -> Initial Stock: 68.97270957447438
2025-08-28 14:26:14,786 - INFO - Warehouse Склад1||Склад1_о, Week 40 -> Initial Stock: 68.97270957447438
2025-08-28 14:26:14,786 - INFO - Warehouse Склад1||Склад1_о, Week 41 -> Initial Stock: 68.97270957447438
2025-08-28 14:26:14,786 - INFO - Warehouse Склад1||Склад1_о, Week 42 -> Initial Stock: 68.97270957447438
2025-08-28 14:26:14,786 - INFO - Warehouse Склад1||Склад1_о, Week 43 -> Initial Stock: 68.97270957447438
2025-08-28 14:26:14,786 - INFO - Warehouse Склад1||Склад1_о, Week 44 -> Initial Stock: 68.97270957447438
2025-08-28 14:26:14,786 - INFO - Warehouse Склад1||Склад1_о, Week 45 -> Initial Stock: 68.97270957447438
2025-08-28 14:26:14,786 - INFO - Warehouse Склад1||Склад1_о, Week 46 -> Initial Stock: 68.97270957447438
2025-08-28 14:26:14,786 - INFO - Warehouse Склад1||Склад1_о, Week 47 -> Initial Stock: 68.97270957447438
2025-08-28 14:26:14,786 - INFO - Warehouse Склад1||Склад1_о, Week 48 -> Initial Stock: 68.97270957447438
2025-08-28 14:26:14,787 - INFO - Warehouse Склад1||Склад1_о, Week 49 -> Initial Stock: 68.97270957447438
2025-08-28 14:26:14,787 - INFO - Warehouse Склад1||Склад1_о, Week 50 -> Initial Stock: 68.97270957447438
2025-08-28 14:26:14,787 - INFO - Warehouse Склад1||Склад1_о, Week 51 -> Initial Stock: 68.97270957447438
2025-08-28 14:26:14,787 - INFO - Warehouse Склад1||Склад1_о, Week 52 -> Initial Stock: 68.97270957447438
2025-08-28 14:26:14,787 - INFO - Initial Stock data for Склад1||Склад1_о: [0, 0.0, 0.0, 181.50943396226415, 31.017289619054452, 49.9709257283744, 21.790414408715964, 6.469306244972076, 12.91987739732562, 6.190908246538056, 0.07866465370442256, 0.0010269537037130884, 6.591487186861927e-06, 2.4929981795998216e-08, 4.484489051208622, 11.538600296561116, 8.208813678377409, 6.584973391101439, 14.46067978712881, 7.226884209600387, 4.310772169857547, 4.999473343083377, 15.338979862851597, 4.627827171962879, 0.019250529001509482, 0.00012046638924599174, 7.417881111206388e-07, 4.971770181773719e-09, 4.76368159207072, 11.790210160327911, 14.286411479892818, 112.2871924989845, 35.124697936296805, 30.927680957624737, 68.97270957447438, 68.97270957447438, 68.97270957447438, 68.97270957447438, 68.97270957447438, 68.97270957447438, 68.97270957447438, 68.97270957447438, 68.97270957447438, 68.97270957447438, 68.97270957447438, 68.97270957447438, 68.97270957447438, 68.97270957447438, 68.97270957447438, 68.97270957447438, 68.97270957447438, 68.97270957447438, 68.97270957447438]
2025-08-28 14:26:14,811 - INFO - Warehouse Склад1||Склад1_о, Week 1, Shipped: 0.0
2025-08-28 14:26:14,811 - INFO - Warehouse Склад1||Склад1_о, Week 2, Shipped: 0.0
2025-08-28 14:26:14,811 - INFO - Warehouse Склад1||Склад1_о, Week 3, Shipped: 962.0
2025-08-28 14:26:14,811 - INFO - Warehouse Склад1||Склад1_о, Week 4, Shipped: 1450.0
2025-08-28 14:26:14,811 - INFO - Warehouse Склад1||Склад1_о, Week 5, Shipped: 1658.0
2025-08-28 14:26:14,811 - INFO - Warehouse Склад1||Склад1_о, Week 6, Shipped: 1471.0
2025-08-28 14:26:14,811 - INFO - Warehouse Склад1||Склад1_о, Week 7, Shipped: 739.0000000000001
2025-08-28 14:26:14,811 - INFO - Warehouse Склад1||Склад1_о, Week 8, Shipped: 2385.0
2025-08-28 14:26:14,811 - INFO - Warehouse Склад1||Склад1_о, Week 9, Shipped: 886.0
2025-08-28 14:26:14,811 - INFO - Warehouse Склад1||Склад1_о, Week 10, Shipped: 0.0
2025-08-28 14:26:14,812 - INFO - Warehouse Склад1||Склад1_о, Week 11, Shipped: 0.0
2025-08-28 14:26:14,812 - INFO - Warehouse Склад1||Склад1_о, Week 12, Shipped: 0.0
2025-08-28 14:26:14,812 - INFO - Warehouse Склад1||Склад1_о, Week 13, Shipped: 0.0
2025-08-28 14:26:14,812 - INFO - Warehouse Склад1||Склад1_о, Week 14, Shipped: 983.0
2025-08-28 14:26:14,812 - INFO - Warehouse Склад1||Склад1_о, Week 15, Shipped: 1904.0
2025-08-28 14:26:14,812 - INFO - Warehouse Склад1||Склад1_о, Week 16, Shipped: 1645.0
2025-08-28 14:26:14,812 - INFO - Warehouse Склад1||Склад1_о, Week 17, Shipped: 1399.0
2025-08-28 14:26:14,812 - INFO - Warehouse Склад1||Склад1_о, Week 18, Shipped: 1801.0
2025-08-28 14:26:14,812 - INFO - Warehouse Склад1||Склад1_о, Week 19, Shipped: 1647.0
2025-08-28 14:26:14,812 - INFO - Warehouse Склад1||Склад1_о, Week 20, Shipped: 1064.0
2025-08-28 14:26:14,812 - INFO - Warehouse Склад1||Склад1_о, Week 21, Shipped: 1792.0
2025-08-28 14:26:14,813 - INFO - Warehouse Склад1||Склад1_о, Week 22, Shipped: 2529.0
2025-08-28 14:26:14,813 - INFO - Warehouse Склад1||Склад1_о, Week 23, Shipped: 826.0
2025-08-28 14:26:14,813 - INFO - Warehouse Склад1||Склад1_о, Week 24, Shipped: 0.0
2025-08-28 14:26:14,813 - INFO - Warehouse Склад1||Склад1_о, Week 25, Shipped: 0.0
2025-08-28 14:26:14,813 - INFO - Warehouse Склад1||Склад1_о, Week 26, Shipped: 0.0
2025-08-28 14:26:14,813 - INFO - Warehouse Склад1||Склад1_о, Week 27, Shipped: 0.0
2025-08-28 14:26:14,813 - INFO - Warehouse Склад1||Склад1_о, Week 28, Shipped: 766.0
2025-08-28 14:26:14,813 - INFO - Warehouse Склад1||Склад1_о, Week 29, Shipped: 1436.0
2025-08-28 14:26:14,813 - INFO - Warehouse Склад1||Склад1_о, Week 30, Shipped: 1544.0
2025-08-28 14:26:14,813 - INFO - Warehouse Склад1||Склад1_о, Week 31, Shipped: 2209.0
2025-08-28 14:26:14,813 - INFO - Warehouse Склад1||Склад1_о, Week 32, Shipped: 1377.0
2025-08-28 14:26:14,814 - INFO - Warehouse Склад1||Склад1_о, Week 33, Shipped: 1836.0
2025-08-28 14:26:14,814 - INFO - Warehouse Склад1||Склад1_о, Week 34, Shipped: 1921.0
2025-08-28 14:26:14,814 - INFO - Warehouse Склад1||Склад1_о, Week 35, Shipped: 0.0
2025-08-28 14:26:14,814 - INFO - Warehouse Склад1||Склад1_о, Week 36, Shipped: 0.0
2025-08-28 14:26:14,814 - INFO - Warehouse Склад1||Склад1_о, Week 37, Shipped: 0.0
2025-08-28 14:26:14,814 - INFO - Warehouse Склад1||Склад1_о, Week 38, Shipped: 0.0
2025-08-28 14:26:14,814 - INFO - Warehouse Склад1||Склад1_о, Week 39, Shipped: 0.0
2025-08-28 14:26:14,814 - INFO - Warehouse Склад1||Склад1_о, Week 40, Shipped: 0.0
2025-08-28 14:26:14,814 - INFO - Warehouse Склад1||Склад1_о, Week 41, Shipped: 0.0
2025-08-28 14:26:14,814 - INFO - Warehouse Склад1||Склад1_о, Week 42, Shipped: 0.0
2025-08-28 14:26:14,814 - INFO - Warehouse Склад1||Склад1_о, Week 43, Shipped: 0.0
2025-08-28 14:26:14,816 - INFO - Warehouse Склад1||Склад1_о, Week 44, Shipped: 0.0
2025-08-28 14:26:14,816 - INFO - Warehouse Склад1||Склад1_о, Week 45, Shipped: 0.0
2025-08-28 14:26:14,817 - INFO - Warehouse Склад1||Склад1_о, Week 46, Shipped: 0.0
2025-08-28 14:26:14,817 - INFO - Warehouse Склад1||Склад1_о, Week 47, Shipped: 0.0
2025-08-28 14:26:14,817 - INFO - Warehouse Склад1||Склад1_о, Week 48, Shipped: 0.0
2025-08-28 14:26:14,817 - INFO - Warehouse Склад1||Склад1_о, Week 49, Shipped: 0.0
2025-08-28 14:26:14,817 - INFO - Warehouse Склад1||Склад1_о, Week 50, Shipped: 0.0
2025-08-28 14:26:14,817 - INFO - Warehouse Склад1||Склад1_о, Week 51, Shipped: 0.0
2025-08-28 14:26:14,817 - INFO - Warehouse Склад1||Склад1_о, Week 52, Shipped: 0.0
2025-08-28 14:26:14,817 - INFO - Warehouse Склад1||Склад1_о, Week 53, Shipped: 0.0
2025-08-28 14:26:14,862 - ERROR - Ошибка при создании графиков загруженности складов: Solver.NumVar() missing 1 required positional argument: 'name'
2025-08-28 14:26:14,862 - INFO - Оптимизация завершена успешно!
