2025-08-25 21:08:24,593 - INFO - === Начало работы транспортного оптимизатора ===
2025-08-25 21:08:24,593 - INFO - Загрузка входных данных...
2025-08-25 21:08:24,677 - WARNING - Неделя 1: Производство 1401.0 > Общий спрос 17.0 (избыток 1384.0)
2025-08-25 21:08:24,678 - WARNING - Неделя 2: Производство 21114.0 > Общий спрос 5105.0 (избыток 16009.0)
2025-08-25 21:08:24,678 - WARNING - Неделя 3: Производство 23204.0 > Общий спрос 22411.0 (избыток 793.0)
2025-08-25 21:08:24,678 - WARNING - Неделя 4: Производство 23819.0 < Общий спрос 23923.0 (дефицит 104.0)
2025-08-25 21:08:24,678 - WARNING - Неделя 5: Производство 26111.0 > Общий спрос 22857.0 (избыток 3254.0)
2025-08-25 21:08:24,679 - WARNING - Неделя 6: Производство 23911.0 < Общий спрос 24145.0 (дефицит 234.0)
2025-08-25 21:08:24,679 - WARNING - Неделя 7: Производство 23097.0 > Общий спрос 21780.0 (избыток 1317.0)
2025-08-25 21:08:24,679 - WARNING - Неделя 8: Производство 27595.0 > Общий спрос 25502.0 (избыток 2093.0)
2025-08-25 21:08:24,679 - WARNING - Неделя 9: Производство 25934.0 > Общий спрос 22417.0 (избыток 3517.0)
2025-08-25 21:08:24,679 - WARNING - Неделя 10: Производство 24141.0 > Общий спрос 23338.0 (избыток 803.0)
2025-08-25 21:08:24,680 - WARNING - Неделя 11: Производство 25429.0 > Общий спрос 22051.0 (избыток 3378.0)
2025-08-25 21:08:24,680 - WARNING - Неделя 12: Производство 26447.0 > Общий спрос 25123.0 (избыток 1324.0)
2025-08-25 21:08:24,680 - WARNING - Неделя 13: Производство 29083.0 < Общий спрос 30036.0 (дефицит 953.0)
2025-08-25 21:08:24,680 - WARNING - Неделя 14: Производство 22989.0 < Общий спрос 27246.0 (дефицит 4257.0)
2025-08-25 21:08:24,680 - WARNING - Неделя 15: Производство 25537.0 > Общий спрос 25300.0 (избыток 237.0)
2025-08-25 21:08:24,680 - WARNING - Неделя 16: Производство 26806.0 > Общий спрос 26513.0 (избыток 293.0)
2025-08-25 21:08:24,681 - WARNING - Неделя 17: Производство 28744.0 < Общий спрос 32009.0 (дефицит 3265.0)
2025-08-25 21:08:24,681 - WARNING - Неделя 18: Производство 28769.0 > Общий спрос 25929.0 (избыток 2840.0)
2025-08-25 21:08:24,681 - WARNING - Неделя 19: Производство 24477.0 < Общий спрос 29811.0 (дефицит 5334.0)
2025-08-25 21:08:24,681 - WARNING - Неделя 20: Производство 27206.0 < Общий спрос 28713.0 (дефицит 1507.0)
2025-08-25 21:08:24,681 - WARNING - Неделя 21: Производство 29758.0 < Общий спрос 30151.0 (дефицит 393.0)
2025-08-25 21:08:24,681 - WARNING - Неделя 22: Производство 30059.0 < Общий спрос 33141.0 (дефицит 3082.0)
2025-08-25 21:08:24,681 - WARNING - Неделя 23: Производство 27319.0 < Общий спрос 28597.0 (дефицит 1278.0)
2025-08-25 21:08:24,682 - WARNING - Неделя 24: Производство 27499.0 < Общий спрос 31037.0 (дефицит 3538.0)
2025-08-25 21:08:24,682 - WARNING - Неделя 25: Производство 27849.0 < Общий спрос 32334.0 (дефицит 4485.0)
2025-08-25 21:08:24,682 - WARNING - Неделя 26: Производство 31627.0 > Общий спрос 31542.0 (избыток 85.0)
2025-08-25 21:08:24,682 - WARNING - Неделя 27: Производство 26923.0 < Общий спрос 33296.0 (дефицит 6373.0)
2025-08-25 21:08:24,682 - WARNING - Неделя 28: Производство 27850.0 < Общий спрос 34143.0 (дефицит 6293.0)
2025-08-25 21:08:24,682 - WARNING - Неделя 29: Производство 27947.0 < Общий спрос 31041.0 (дефицит 3094.0)
2025-08-25 21:08:24,683 - WARNING - Неделя 30: Производство 27173.0 < Общий спрос 30227.0 (дефицит 3054.0)
2025-08-25 21:08:24,683 - WARNING - Неделя 31: Производство 28076.0 < Общий спрос 28643.0 (дефицит 567.0)
2025-08-25 21:08:24,684 - WARNING - Неделя 32: Производство 28007.0 < Общий спрос 29686.0 (дефицит 1679.0)
2025-08-25 21:08:24,684 - WARNING - Неделя 33: Производство 29197.0 < Общий спрос 30709.0 (дефицит 1512.0)
2025-08-25 21:08:24,684 - WARNING - Неделя 34: Производство 29372.0 > Общий спрос 28605.0 (избыток 767.0)
2025-08-25 21:08:24,684 - WARNING - Неделя 35: Производство 30758.0 > Общий спрос 28525.0 (избыток 2233.0)
2025-08-25 21:08:24,684 - WARNING - Неделя 36: Производство 26083.0 < Общий спрос 26094.0 (дефицит 11.0)
2025-08-25 21:08:24,684 - WARNING - Неделя 37: Производство 30956.0 > Общий спрос 30662.0 (избыток 294.0)
2025-08-25 21:08:24,685 - WARNING - Неделя 38: Производство 30934.0 > Общий спрос 29580.0 (избыток 1354.0)
2025-08-25 21:08:24,685 - WARNING - Неделя 39: Производство 28206.0 < Общий спрос 31636.0 (дефицит 3430.0)
2025-08-25 21:08:24,685 - WARNING - Неделя 40: Производство 30030.0 > Общий спрос 27079.0 (избыток 2951.0)
2025-08-25 21:08:24,686 - WARNING - Неделя 41: Производство 25939.0 < Общий спрос 27872.0 (дефицит 1933.0)
2025-08-25 21:08:24,686 - WARNING - Неделя 42: Производство 34507.0 > Общий спрос 30576.0 (избыток 3931.0)
2025-08-25 21:08:24,686 - WARNING - Неделя 43: Производство 27787.0 < Общий спрос 32770.0 (дефицит 4983.0)
2025-08-25 21:08:24,686 - WARNING - Неделя 44: Производство 30016.0 > Общий спрос 29647.0 (избыток 369.0)
2025-08-25 21:08:24,686 - WARNING - Неделя 45: Производство 27711.0 > Общий спрос 27570.0 (избыток 141.0)
2025-08-25 21:08:24,686 - WARNING - Неделя 46: Производство 32830.0 > Общий спрос 26904.0 (избыток 5926.0)
2025-08-25 21:08:24,686 - WARNING - Неделя 47: Производство 29528.0 > Общий спрос 24880.0 (избыток 4648.0)
2025-08-25 21:08:24,687 - WARNING - Неделя 48: Производство 31141.0 > Общий спрос 25555.0 (избыток 5586.0)
2025-08-25 21:08:24,687 - WARNING - Неделя 49: Производство 29477.0 > Общий спрос 27165.0 (избыток 2312.0)
2025-08-25 21:08:24,687 - WARNING - Неделя 50: Производство 32881.0 > Общий спрос 25188.0 (избыток 7693.0)
2025-08-25 21:08:24,687 - WARNING - Неделя 51: Производство 29680.0 > Общий спрос 25931.0 (избыток 3749.0)
2025-08-25 21:08:24,687 - WARNING - Неделя 52: Производство 31872.0 > Общий спрос 21951.0 (избыток 9921.0)
2025-08-25 21:08:24,688 - WARNING - Неделя 53: Производство 7898.0 > Общий спрос 578.0 (избыток 7320.0)
2025-08-25 21:08:24,704 - INFO - Добавлен фиктивный склад DUMMY для обработки неразмещённой продукции
2025-08-25 21:08:24,770 - INFO - Создание переменных...
2025-08-25 21:08:24,929 - INFO - Формирование целевой функции...
2025-08-25 21:08:25,119 - INFO - Добавление ограничений...
2025-08-25 21:08:25,250 - INFO - Решение модели...
2025-08-25 21:08:26,625 - INFO - Статус решения: OPTIMAL
2025-08-25 21:08:26,625 - INFO - Время решения: 1.28 сек
2025-08-25 21:08:26,649 - INFO - Сохранен план перевозок (403 записей)
2025-08-25 21:08:26,652 - WARNING - Общий неудовлетворенный спрос: 61359.00
2025-08-25 21:08:26,656 - ERROR - Общий неразмещенный объем: 96522.00
2025-08-25 21:08:26,682 - INFO - Транспортные затраты: 36215469.00
2025-08-25 21:08:26,682 - INFO - Штраф за неудовлетворенный спрос: 123945180.00
2025-08-25 21:08:26,682 - INFO - Штраф за неразмещенную продукцию: 24709632000.00
2025-08-25 21:08:26,682 - INFO - Общие затраты: 24869792649.00
2025-08-25 21:08:26,682 - INFO - 
=== Сводная статистика ===
2025-08-25 21:08:26,682 - INFO - Всего произведено: 1432704.00
2025-08-25 21:08:26,683 - INFO - Всего размещено: 1336182.00
2025-08-25 21:08:26,683 - INFO - Процент удовлетворенного спроса: 95.61%
2025-08-25 21:08:26,683 - INFO - Процент размещенной продукции: 93.26%
2025-08-25 21:08:26,686 - INFO - Склад Склад7||Склад7_о: недели=['W1', 'W2', 'W3', 'W4', 'W5', 'W6', 'W7', 'W8', 'W9', 'W10', 'W11', 'W12', 'W13', 'W14', 'W15', 'W16', 'W17', 'W18', 'W19', 'W20', 'W21', 'W22', 'W23', 'W24', 'W25', 'W26', 'W27', 'W28', 'W29', 'W30', 'W31', 'W32', 'W33', 'W34', 'W35', 'W36', 'W37', 'W38', 'W39', 'W40', 'W41', 'W42', 'W43', 'W44', 'W45', 'W46', 'W47', 'W48', 'W49', 'W50', 'W51', 'W52', 'W53'], len(недели)=53, load_data=[0.0, 4400.0, 4400.0, 4400.0, 4400.0, 4400.0, 4400.0, 4400.0, 4400.0, 4400.0, 4400.0, 4400.0, 4400.0, 4400.0, 4400.0, 4400.0, 4400.0, 4400.0, 4400.0, 4400.0, 4400.0, 4400.0, 4400.0, 4400.0, 4400.0, 4400.0, 4400.0, 4400.0, 4400.0, 4400.0, 4400.0, 4400.0, 4400.0, 4400.0, 4400.0, 4400.0, 4400.0, 4400.0, 4400.0, 4400.0, 4400.0, 4400.0, 4400.0, 4400.0, 4400.0, 4400.0, 4400.0, 4400.0, 4400.0, 4400.0, 4400.0, 4400.0, 578.0], len(load_data)=53, demand_data=[17.0, 282.0, 4840.0, 5548.0, 6195.0, 5807.0, 5442.0, 4980.0, 5129.0, 4112.0, 3908.0, 5053.0, 4667.0, 4830.0, 3538.0, 4486.0, 4471.0, 5924.0, 5609.0, 4604.0, 4948.0, 4273.0, 4375.0, 4597.0, 4967.0, 4925.0, 5488.0, 5455.0, 4699.0, 4497.0, 4746.0, 5724.0, 5887.0, 5672.0, 5434.0, 5407.0, 5186.0, 5742.0, 6227.0, 5043.0, 4873.0, 4571.0, 4825.0, 4543.0, 4284.0, 4112.0, 3714.0, 2224.0, 3083.0, 2750.0, 2929.0, 1517.0, 271.0], len(demand_data)=53, capacity_data=[4400.0, 4400.0, 4400.0, 4400.0, 4400.0, 4400.0, 4400.0, 4400.0, 4400.0, 4400.0, 4400.0, 4400.0, 4400.0, 4400.0, 4400.0, 4400.0, 4400.0, 4400.0, 4400.0, 4400.0, 4400.0, 4400.0, 4400.0, 4400.0, 4400.0, 4400.0, 4400.0, 4400.0, 4400.0, 4400.0, 4400.0, 4400.0, 4400.0, 4400.0, 4400.0, 4400.0, 4400.0, 4400.0, 4400.0, 4400.0, 4400.0, 4400.0, 4400.0, 4400.0, 4400.0, 4400.0, 4400.0, 4400.0, 4400.0, 4400.0, 4400.0, 4400.0, 4400.0], len(capacity_data)=53
2025-08-25 21:08:27,971 - INFO - Сохранён график для склада Склад7||Склад7_о: plots/warehouse_Склад7_Склад7_о.png
2025-08-25 21:08:28,003 - ERROR - Ошибка при создании графика для фабрики Склад5||Склад5_п: operands could not be broadcast together with shapes (53,) (4,) 
2025-08-25 21:08:28,004 - ERROR - Ошибка при создании графика для фабрики Склад7||Склад7_п: operands could not be broadcast together with shapes (53,) (4,) 
2025-08-25 21:08:28,004 - ERROR - Ошибка при создании графика для фабрики Склад10||Склад10_п: operands could not be broadcast together with shapes (53,) (4,) 
2025-08-25 21:08:28,006 - ERROR - Ошибка при создании графика для фабрики Склад11||Склад11_п: operands could not be broadcast together with shapes (53,) (4,) 
2025-08-25 21:08:28,007 - ERROR - Ошибка при создании графика для фабрики Склад12||Склад12_п: operands could not be broadcast together with shapes (53,) (4,) 
2025-08-25 21:08:28,007 - ERROR - Ошибка при создании графика общего спроса и загрузки: operands could not be broadcast together with shapes (53,) (4,) 
2025-08-25 21:08:28,008 - INFO - Оптимизация завершена успешно!
